Using pre-set license
Built from '2020.3/staging' branch; Version is '2020.3.25f1 (9b9180224418) revision 10195328'; Using compiler version '192528614'; Build Type 'Release'
OS: 'Windows 10  (10.0.19044) 64bit Professional' Language: 'tr' Physical Memory: 8068 MB
BatchMode: 1, IsHumanControllingUs: 0, StartBugReporterOnCrash: 0, Is64bit: 1, IsPro: 0

COMMAND LINE ARGUMENTS:
C:\Program Files\Unity\Hub\Editor\2020.3.25f1\Editor\Unity.exe
-adb2
-batchMode
-noUpm
-name
AssetImportWorker0
-projectPath
D:/4 Paylaşımlar/Github Kodlar/space-invaders-fatiihbulbul/Space Invaders
-logFile
Logs/AssetImportWorker0.log
-srvPort
51982
Successfully changed project path to: D:/4 Paylaşımlar/Github Kodlar/space-invaders-fatiihbulbul/Space Invaders
D:/4 Paylaşımlar/Github Kodlar/space-invaders-fatiihbulbul/Space Invaders
Using Asset Import Pipeline V2.
Refreshing native plugins compatible for Editor in 70.78 ms, found 3 plugins.
Preloading 0 native plugins for Editor in 0.00 ms.
Initialize engine version: 2020.3.25f1 (9b9180224418)
[Subsystems] Discovering subsystems at path C:/Program Files/Unity/Hub/Editor/2020.3.25f1/Editor/Data/Resources/UnitySubsystems
[Subsystems] Discovering subsystems at path D:/4 Paylaşımlar/Github Kodlar/space-invaders-fatiihbulbul/Space Invaders/Assets
GfxDevice: creating device client; threaded=0
Direct3D:
    Version:  Direct3D 11.0 [level 11.0]
    Renderer: NVIDIA GeForce GTX 950M (ID=0x139a)
    Vendor:   
    VRAM:     2010 MB
    Driver:   30.0.14.9729
Initialize mono
Mono path[0] = 'C:/Program Files/Unity/Hub/Editor/2020.3.25f1/Editor/Data/Managed'
Mono path[1] = 'C:/Program Files/Unity/Hub/Editor/2020.3.25f1/Editor/Data/MonoBleedingEdge/lib/mono/unityjit'
Mono config path = 'C:/Program Files/Unity/Hub/Editor/2020.3.25f1/Editor/Data/MonoBleedingEdge/etc'
Using monoOptions --debugger-agent=transport=dt_socket,embedding=1,server=y,suspend=n,address=127.0.0.1:56460
Begin MonoManager ReloadAssembly
Registering precompiled unity dll's ...
Register platform support module: C:/Program Files/Unity/Hub/Editor/2020.3.25f1/Editor/Data/PlaybackEngines/WindowsStandaloneSupport/UnityEditor.WindowsStandalone.Extensions.dll
Registered in 0.003060 seconds.
Native extension for WindowsStandalone target not found
Refreshing native plugins compatible for Editor in 59.29 ms, found 3 plugins.
Preloading 0 native plugins for Editor in 0.00 ms.
Mono: successfully reloaded assembly
- Completed reload, in  0.857 seconds
Domain Reload Profiling:
	ReloadAssembly (857ms)
		BeginReloadAssembly (77ms)
			ExecutionOrderSort (0ms)
			DisableScriptedObjects (0ms)
			BackupInstance (0ms)
			ReleaseScriptingObjects (0ms)
			CreateAndSetChildDomain (1ms)
		EndReloadAssembly (675ms)
			LoadAssemblies (75ms)
			RebuildTransferFunctionScriptingTraits (0ms)
			SetupTypeCache (234ms)
			ReleaseScriptCaches (0ms)
			RebuildScriptCaches (43ms)
			SetupLoadedEditorAssemblies (262ms)
				LogAssemblyErrors (0ms)
				InitializePlatformSupportModulesInManaged (6ms)
				SetLoadedEditorAssemblies (0ms)
				RefreshPlugins (59ms)
				BeforeProcessingInitializeOnLoad (22ms)
				ProcessInitializeOnLoadAttributes (130ms)
				ProcessInitializeOnLoadMethodAttributes (44ms)
				AfterProcessingInitializeOnLoad (0ms)
				EditorAssembliesLoaded (0ms)
			ExecutionOrderSort2 (0ms)
			AwakeInstancesAfterBackupRestoration (0ms)
Platform modules already initialized, skipping
Registering precompiled user dll's ...
Registered in 0.005852 seconds.
Begin MonoManager ReloadAssembly
Native extension for WindowsStandalone target not found
Refreshing native plugins compatible for Editor in 65.18 ms, found 3 plugins.
Preloading 0 native plugins for Editor in 0.00 ms.
Mono: successfully reloaded assembly
- Completed reload, in  1.734 seconds
Domain Reload Profiling:
	ReloadAssembly (1736ms)
		BeginReloadAssembly (187ms)
			ExecutionOrderSort (0ms)
			DisableScriptedObjects (6ms)
			BackupInstance (0ms)
			ReleaseScriptingObjects (0ms)
			CreateAndSetChildDomain (24ms)
		EndReloadAssembly (1465ms)
			LoadAssemblies (113ms)
			RebuildTransferFunctionScriptingTraits (0ms)
			SetupTypeCache (423ms)
			ReleaseScriptCaches (0ms)
			RebuildScriptCaches (69ms)
			SetupLoadedEditorAssemblies (685ms)
				LogAssemblyErrors (0ms)
				InitializePlatformSupportModulesInManaged (4ms)
				SetLoadedEditorAssemblies (0ms)
				RefreshPlugins (65ms)
				BeforeProcessingInitializeOnLoad (185ms)
				ProcessInitializeOnLoadAttributes (372ms)
				ProcessInitializeOnLoadMethodAttributes (47ms)
				AfterProcessingInitializeOnLoad (10ms)
				EditorAssembliesLoaded (0ms)
			ExecutionOrderSort2 (0ms)
			AwakeInstancesAfterBackupRestoration (10ms)
Platform modules already initialized, skipping
========================================================================
Worker process is ready to serve import requests
Launched and connected shader compiler UnityShaderCompiler.exe after 0.17 seconds
Refreshing native plugins compatible for Editor in 0.51 ms, found 3 plugins.
Preloading 0 native plugins for Editor in 0.00 ms.
Unloading 2195 Unused Serialized files (Serialized files now loaded: 0)
System memory in use before: 96.4 MB.
System memory in use after: 96.5 MB.

Unloading 28 unused Assets to reduce memory usage. Loaded Objects now: 2627.
Total: 4.326300 ms (FindLiveObjects: 0.227900 ms CreateObjectMapping: 0.115400 ms MarkObjects: 3.904000 ms  DeleteObjects: 0.077700 ms)

AssetImportParameters requested are different than current active one (requested -> active):
  custom:framework-win-MediaFoundation: 216162199b28c13a410421893ffa2e32 -> 
  custom:video-decoder-ogg-theora: a1e56fd34408186e4bbccfd4996cb3dc -> 
  custom:container-muxer-webm: aa71ff27fc2769a1b78a27578f13a17b -> 
  custom:container-demuxer-webm: 4f35f7cbe854078d1ac9338744f61a02 -> 
  custom:container-demuxer-ogg: 62fdf1f143b41e24485cea50d1cbac27 -> 
  custom:video-encoder-webm-vp8: eb34c28f22e8b96e1ab97ce403110664 -> 
  custom:video-decoder-webm-vp8: 9c59270c3fd7afecdb556c50c9e8de78 -> 
  custom:audio-decoder-ogg-vorbis: bf7c407c2cedff20999df2af8eb42d56 -> 
  custom:audio-encoder-webm-vorbis: bf7c407c2cedff20999df2af8eb42d56 -> 
========================================================================
Received Import Request.
  path: Assets/Scripts
  artifactKey: Guid(c89a4dad2d305ba4aa2a728f0e2c68b7) Importer(815301076,1909f56bfc062723c751e8b465ee728b)
Start importing Assets/Scripts using Guid(c89a4dad2d305ba4aa2a728f0e2c68b7) Importer(815301076,1909f56bfc062723c751e8b465ee728b)  -> (artifact id: 'f482e89c56d2321e889d499984f6082b') in 0.013494 seconds 
  Import took 0.021600 seconds .

========================================================================
Received Import Request.
  Time since last request: 405.353849 seconds.
  path: Assets/Backgrounds
  artifactKey: Guid(aac19f23b4545ce4ea984a949f34547d) Importer(815301076,1909f56bfc062723c751e8b465ee728b)
Start importing Assets/Backgrounds using Guid(aac19f23b4545ce4ea984a949f34547d) Importer(815301076,1909f56bfc062723c751e8b465ee728b)  -> (artifact id: '98143385020dc10ae24dd8073557e1c5') in 0.015763 seconds 
  Import took 0.022095 seconds .

========================================================================
Received Import Request.
  Time since last request: 0.050032 seconds.
  path: Assets/Backgrounds/black.png
  artifactKey: Guid(63b5f49e6b4acba409dee585fb110f91) Importer(815301076,1909f56bfc062723c751e8b465ee728b)
Start importing Assets/Backgrounds/black.png using Guid(63b5f49e6b4acba409dee585fb110f91) Importer(815301076,1909f56bfc062723c751e8b465ee728b)  -> (artifact id: '728abd45ff98fe54232f44448b08e7ab') in 0.242947 seconds 
  Import took 0.249073 seconds .

========================================================================
Received Import Request.
  Time since last request: 846.946884 seconds.
  path: Assets/Backgrounds/black.png
  artifactKey: Guid(63b5f49e6b4acba409dee585fb110f91) Importer(815301076,1909f56bfc062723c751e8b465ee728b)
Start importing Assets/Backgrounds/black.png using Guid(63b5f49e6b4acba409dee585fb110f91) Importer(815301076,1909f56bfc062723c751e8b465ee728b)  -> (artifact id: 'a7c2377f4e3949c1ea7a1e5a09289dd1') in 0.028989 seconds 
  Import took 0.036903 seconds .

========================================================================
Received Import Request.
  Time since last request: 22.958454 seconds.
  path: Assets/Backgrounds/black.png
  artifactKey: Guid(63b5f49e6b4acba409dee585fb110f91) Importer(815301076,1909f56bfc062723c751e8b465ee728b)
Start importing Assets/Backgrounds/black.png using Guid(63b5f49e6b4acba409dee585fb110f91) Importer(815301076,1909f56bfc062723c751e8b465ee728b)  -> (artifact id: 'f532b6a3f9ab01fd5e98846303b1c56b') in 0.019467 seconds 
  Import took 0.024962 seconds .

========================================================================
Received Import Request.
  Time since last request: 68.565404 seconds.
  path: Assets/Backgrounds/black.png
  artifactKey: Guid(63b5f49e6b4acba409dee585fb110f91) Importer(815301076,1909f56bfc062723c751e8b465ee728b)
Start importing Assets/Backgrounds/black.png using Guid(63b5f49e6b4acba409dee585fb110f91) Importer(815301076,1909f56bfc062723c751e8b465ee728b)  -> (artifact id: '7d3433eb92a33f87552908fcc487cba0') in 0.028876 seconds 
  Import took 0.037622 seconds .

========================================================================
Received Import Request.
  Time since last request: 106.136369 seconds.
  path: Assets/Game Basic Assets/Button.png
  artifactKey: Guid(fa3b4cf2a7124c24485e107b46aacca4) Importer(815301076,1909f56bfc062723c751e8b465ee728b)
Start importing Assets/Game Basic Assets/Button.png using Guid(fa3b4cf2a7124c24485e107b46aacca4) Importer(815301076,1909f56bfc062723c751e8b465ee728b)  -> (artifact id: 'd773c80dd49747b5bb08a8af39167cc1') in 0.298824 seconds 
  Import took 0.303698 seconds .

========================================================================
Received Import Request.
  Time since last request: 0.000384 seconds.
  path: Assets/Game Basic Assets/Enemy4.png
  artifactKey: Guid(df140eb640b33904dbdbf97931a37ecc) Importer(815301076,1909f56bfc062723c751e8b465ee728b)
Start importing Assets/Game Basic Assets/Enemy4.png using Guid(df140eb640b33904dbdbf97931a37ecc) Importer(815301076,1909f56bfc062723c751e8b465ee728b)  -> (artifact id: '85da0bbae5a6fcac1c872a4d30202c65') in 0.034377 seconds 
  Import took 0.039049 seconds .

========================================================================
Received Import Request.
  Time since last request: 0.000307 seconds.
  path: Assets/Game Basic Assets/Player Space Ship-.png
  artifactKey: Guid(dd118cbfa7148924daf56c784b456ffd) Importer(815301076,1909f56bfc062723c751e8b465ee728b)
Start importing Assets/Game Basic Assets/Player Space Ship-.png using Guid(dd118cbfa7148924daf56c784b456ffd) Importer(815301076,1909f56bfc062723c751e8b465ee728b)  -> (artifact id: 'b3daee1849417f54490fbfe34ac94cfb') in 0.024911 seconds 
  Import took 0.031498 seconds .

========================================================================
Received Import Request.
  Time since last request: 0.000521 seconds.
  path: Assets/Game Basic Assets/Laser Bullet.png
  artifactKey: Guid(8115d088f85291143a38c4a13a22eb2a) Importer(815301076,1909f56bfc062723c751e8b465ee728b)
Start importing Assets/Game Basic Assets/Laser Bullet.png using Guid(8115d088f85291143a38c4a13a22eb2a) Importer(815301076,1909f56bfc062723c751e8b465ee728b)  -> (artifact id: 'c1b1d707c5601034a91fb67468695416') in 0.037775 seconds 
  Import took 0.045463 seconds .

========================================================================
Received Import Request.
  Time since last request: 0.000501 seconds.
  path: Assets/Game Basic Assets/Enemy2.png
  artifactKey: Guid(9a82bff75c325e54ca41a31c2242902f) Importer(815301076,1909f56bfc062723c751e8b465ee728b)
Start importing Assets/Game Basic Assets/Enemy2.png using Guid(9a82bff75c325e54ca41a31c2242902f) Importer(815301076,1909f56bfc062723c751e8b465ee728b)  -> (artifact id: 'db4290a76e09b742122ace3bcf46e3ac') in 0.024048 seconds 
  Import took 0.029191 seconds .

========================================================================
Received Import Request.
  Time since last request: 0.000472 seconds.
  path: Assets/Game Basic Assets/Enemy3.png
  artifactKey: Guid(c454be9dc52ef4043abc7526fa517411) Importer(815301076,1909f56bfc062723c751e8b465ee728b)
Start importing Assets/Game Basic Assets/Enemy3.png using Guid(c454be9dc52ef4043abc7526fa517411) Importer(815301076,1909f56bfc062723c751e8b465ee728b)  -> (artifact id: 'd49969a2bee8ecf20056b61265f082cd') in 0.025080 seconds 
  Import took 0.032345 seconds .

========================================================================
Received Import Request.
  Time since last request: 0.000344 seconds.
  path: Assets/Game Basic Assets/Hit Effect.png
  artifactKey: Guid(3d9c0d02ab957784a847c65c195f7418) Importer(815301076,1909f56bfc062723c751e8b465ee728b)
Start importing Assets/Game Basic Assets/Hit Effect.png using Guid(3d9c0d02ab957784a847c65c195f7418) Importer(815301076,1909f56bfc062723c751e8b465ee728b)  -> (artifact id: 'e431039e42332cda808b528168b2b9ee') in 0.024376 seconds 
  Import took 0.033016 seconds .

========================================================================
Received Import Request.
  Time since last request: 0.000535 seconds.
  path: Assets/Game Basic Assets/Enemy1.png
  artifactKey: Guid(ed70464d7a96a744a9ab3cf5b1e50dc9) Importer(815301076,1909f56bfc062723c751e8b465ee728b)
Start importing Assets/Game Basic Assets/Enemy1.png using Guid(ed70464d7a96a744a9ab3cf5b1e50dc9) Importer(815301076,1909f56bfc062723c751e8b465ee728b)  -> (artifact id: '306ae17ccaa03169a270ffee8d349e57') in 0.033184 seconds 
  Import took 0.038898 seconds .

========================================================================
Received Import Request.
  Time since last request: 24.967477 seconds.
  path: Assets/Game Basic Assets/Player Space Ship-.png
  artifactKey: Guid(dd118cbfa7148924daf56c784b456ffd) Importer(815301076,1909f56bfc062723c751e8b465ee728b)
Start importing Assets/Game Basic Assets/Player Space Ship-.png using Guid(dd118cbfa7148924daf56c784b456ffd) Importer(815301076,1909f56bfc062723c751e8b465ee728b)  -> (artifact id: 'e8438f123430ea509f6ea94605ea5afc') in 0.016289 seconds 
  Import took 0.020953 seconds .

========================================================================
Received Import Request.
  Time since last request: 0.007074 seconds.
  path: Assets/Game Basic Assets/Button.png
  artifactKey: Guid(fa3b4cf2a7124c24485e107b46aacca4) Importer(815301076,1909f56bfc062723c751e8b465ee728b)
Start importing Assets/Game Basic Assets/Button.png using Guid(fa3b4cf2a7124c24485e107b46aacca4) Importer(815301076,1909f56bfc062723c751e8b465ee728b)  -> (artifact id: '2693c6e0eb88b1d2acda6ae4054e1623') in 0.038078 seconds 
  Import took 0.045175 seconds .

========================================================================
Received Import Request.
  Time since last request: 0.000354 seconds.
  path: Assets/Game Basic Assets/Enemy4.png
  artifactKey: Guid(df140eb640b33904dbdbf97931a37ecc) Importer(815301076,1909f56bfc062723c751e8b465ee728b)
Start importing Assets/Game Basic Assets/Enemy4.png using Guid(df140eb640b33904dbdbf97931a37ecc) Importer(815301076,1909f56bfc062723c751e8b465ee728b)  -> (artifact id: '495ee6639057c26992f95cc94441a18d') in 0.038333 seconds 
  Import took 0.046386 seconds .

========================================================================
Received Import Request.
  Time since last request: 0.000303 seconds.
  path: Assets/Game Basic Assets/Laser Bullet.png
  artifactKey: Guid(8115d088f85291143a38c4a13a22eb2a) Importer(815301076,1909f56bfc062723c751e8b465ee728b)
Start importing Assets/Game Basic Assets/Laser Bullet.png using Guid(8115d088f85291143a38c4a13a22eb2a) Importer(815301076,1909f56bfc062723c751e8b465ee728b)  -> (artifact id: '0225d84e7a1a9944adc5eb604a71d259') in 0.030544 seconds 
  Import took 0.035962 seconds .

========================================================================
Received Import Request.
  Time since last request: 0.000390 seconds.
  path: Assets/Game Basic Assets/Enemy2.png
  artifactKey: Guid(9a82bff75c325e54ca41a31c2242902f) Importer(815301076,1909f56bfc062723c751e8b465ee728b)
Start importing Assets/Game Basic Assets/Enemy2.png using Guid(9a82bff75c325e54ca41a31c2242902f) Importer(815301076,1909f56bfc062723c751e8b465ee728b)  -> (artifact id: 'd12eb68927f533ddf3365a17ad672fd2') in 0.019313 seconds 
  Import took 0.024715 seconds .

========================================================================
Received Import Request.
  Time since last request: 0.000282 seconds.
  path: Assets/Game Basic Assets/Enemy3.png
  artifactKey: Guid(c454be9dc52ef4043abc7526fa517411) Importer(815301076,1909f56bfc062723c751e8b465ee728b)
Start importing Assets/Game Basic Assets/Enemy3.png using Guid(c454be9dc52ef4043abc7526fa517411) Importer(815301076,1909f56bfc062723c751e8b465ee728b)  -> (artifact id: 'a1ad9fc684c48332696ce9dd4cb5d3f7') in 0.036349 seconds 
  Import took 0.042714 seconds .

========================================================================
Received Import Request.
  Time since last request: 0.000627 seconds.
  path: Assets/Game Basic Assets/Hit Effect.png
  artifactKey: Guid(3d9c0d02ab957784a847c65c195f7418) Importer(815301076,1909f56bfc062723c751e8b465ee728b)
Start importing Assets/Game Basic Assets/Hit Effect.png using Guid(3d9c0d02ab957784a847c65c195f7418) Importer(815301076,1909f56bfc062723c751e8b465ee728b)  -> (artifact id: '017e0fad64e7f64d8239c97e509d934a') in 0.015011 seconds 
  Import took 0.019997 seconds .

========================================================================
Received Import Request.
  Time since last request: 0.000230 seconds.
  path: Assets/Game Basic Assets/Enemy1.png
  artifactKey: Guid(ed70464d7a96a744a9ab3cf5b1e50dc9) Importer(815301076,1909f56bfc062723c751e8b465ee728b)
Start importing Assets/Game Basic Assets/Enemy1.png using Guid(ed70464d7a96a744a9ab3cf5b1e50dc9) Importer(815301076,1909f56bfc062723c751e8b465ee728b)  -> (artifact id: 'db0bd9b5cd4ccd92a423af07c031c1ff') in 0.030654 seconds 
  Import took 0.034834 seconds .

========================================================================
Received Import Request.
  Time since last request: 64.358522 seconds.
  path: ProjectSettings/TagManager.asset
  artifactKey: Guid(00000000000000003000000000000000) Importer(815301076,1909f56bfc062723c751e8b465ee728b)
Start importing ProjectSettings/TagManager.asset using Guid(00000000000000003000000000000000) Importer(815301076,1909f56bfc062723c751e8b465ee728b)  -> (artifact id: '95df672b4aaba54310d34c83eef51bb8') in 0.015362 seconds 
  Import took 0.022469 seconds .

========================================================================
Received Import Request.
  Time since last request: 454.182819 seconds.
  path: Assets/Scripts/Ship.cs
  artifactKey: Guid(ab763237d523d90429a00dd944c2e3af) Importer(815301076,1909f56bfc062723c751e8b465ee728b)
Start importing Assets/Scripts/Ship.cs using Guid(ab763237d523d90429a00dd944c2e3af) Importer(815301076,1909f56bfc062723c751e8b465ee728b)  -> (artifact id: 'cd55379d9c99092149e0ada8fb874a3d') in 0.022926 seconds 
  Import took 0.035252 seconds .

========================================================================
Received Prepare
Registering precompiled user dll's ...
Registered in 0.005076 seconds.
Begin MonoManager ReloadAssembly
Native extension for WindowsStandalone target not found
Refreshing native plugins compatible for Editor in 1.10 ms, found 3 plugins.
Preloading 0 native plugins for Editor in 0.00 ms.
Mono: successfully reloaded assembly
- Completed reload, in  1.562 seconds
Domain Reload Profiling:
	ReloadAssembly (1562ms)
		BeginReloadAssembly (167ms)
			ExecutionOrderSort (0ms)
			DisableScriptedObjects (8ms)
			BackupInstance (0ms)
			ReleaseScriptingObjects (0ms)
			CreateAndSetChildDomain (57ms)
		EndReloadAssembly (1220ms)
			LoadAssemblies (146ms)
			RebuildTransferFunctionScriptingTraits (0ms)
			SetupTypeCache (413ms)
			ReleaseScriptCaches (1ms)
			RebuildScriptCaches (56ms)
			SetupLoadedEditorAssemblies (458ms)
				LogAssemblyErrors (0ms)
				InitializePlatformSupportModulesInManaged (5ms)
				SetLoadedEditorAssemblies (1ms)
				RefreshPlugins (1ms)
				BeforeProcessingInitializeOnLoad (110ms)
				ProcessInitializeOnLoadAttributes (320ms)
				ProcessInitializeOnLoadMethodAttributes (13ms)
				AfterProcessingInitializeOnLoad (7ms)
				EditorAssembliesLoaded (0ms)
			ExecutionOrderSort2 (0ms)
			AwakeInstancesAfterBackupRestoration (14ms)
Platform modules already initialized, skipping
Switching build target platform(19) subTarget(0) extendedPlatform(0) -> platform(13) subTarget(537395200) extendedPlatform(0)
Refreshing native plugins compatible for Editor in 0.93 ms, found 3 plugins.
Preloading 0 native plugins for Editor in 0.00 ms.
Unloading 2188 Unused Serialized files (Serialized files now loaded: 0)
System memory in use before: 98.8 MB.
System memory in use after: 99.0 MB.

Unloading 18 unused Assets to reduce memory usage. Loaded Objects now: 2648.
Total: 7.655500 ms (FindLiveObjects: 0.194100 ms CreateObjectMapping: 0.081000 ms MarkObjects: 7.267000 ms  DeleteObjects: 0.112100 ms)

AssetImportParameters requested are different than current active one (requested -> active):
  custom:framework-win-MediaFoundation: 216162199b28c13a410421893ffa2e32 -> 
  custom:video-decoder-ogg-theora: a1e56fd34408186e4bbccfd4996cb3dc -> 
  custom:container-muxer-webm: aa71ff27fc2769a1b78a27578f13a17b -> 
  custom:container-demuxer-webm: 4f35f7cbe854078d1ac9338744f61a02 -> 
  custom:container-demuxer-ogg: 62fdf1f143b41e24485cea50d1cbac27 -> 
  custom:video-encoder-webm-vp8: eb34c28f22e8b96e1ab97ce403110664 -> 
  custom:video-decoder-webm-vp8: 9c59270c3fd7afecdb556c50c9e8de78 -> 
  custom:graphics/normal-map-encoding: 01000000000000000000000000000000 -> 02000000000000000000000000000000
  custom:audio-decoder-ogg-vorbis: bf7c407c2cedff20999df2af8eb42d56 -> 
  custom:audio-encoder-webm-vorbis: bf7c407c2cedff20999df2af8eb42d56 -> 
========================================================================
Received Import Request.
  Time since last request: 1360.760422 seconds.
  path: Assets/Scripts/Ship.cs
  artifactKey: Guid(ab763237d523d90429a00dd944c2e3af) Importer(815301076,1909f56bfc062723c751e8b465ee728b)
Start importing Assets/Scripts/Ship.cs using Guid(ab763237d523d90429a00dd944c2e3af) Importer(815301076,1909f56bfc062723c751e8b465ee728b)  -> (artifact id: '57f202c8f1bfb476cfbcf519dc3b21df') in 0.279122 seconds 
  Import took 0.417733 seconds .

========================================================================
Received Import Request.
  Time since last request: 578.809590 seconds.
  path: Assets/Scripts/Ship.cs
  artifactKey: Guid(ab763237d523d90429a00dd944c2e3af) Importer(815301076,1909f56bfc062723c751e8b465ee728b)
Start importing Assets/Scripts/Ship.cs using Guid(ab763237d523d90429a00dd944c2e3af) Importer(815301076,1909f56bfc062723c751e8b465ee728b)  -> (artifact id: '07a066de1a08568da5851b0eacc01abe') in 0.018435 seconds 
  Import took 0.024078 seconds .

========================================================================
Received Prepare
Registering precompiled user dll's ...
Registered in 0.004770 seconds.
Begin MonoManager ReloadAssembly
Native extension for WindowsStandalone target not found
Refreshing native plugins compatible for Editor in 0.60 ms, found 3 plugins.
Preloading 0 native plugins for Editor in 0.00 ms.
Mono: successfully reloaded assembly
- Completed reload, in  1.894 seconds
Domain Reload Profiling:
	ReloadAssembly (1899ms)
		BeginReloadAssembly (335ms)
			ExecutionOrderSort (0ms)
			DisableScriptedObjects (29ms)
			BackupInstance (0ms)
			ReleaseScriptingObjects (0ms)
			CreateAndSetChildDomain (171ms)
		EndReloadAssembly (1469ms)
			LoadAssemblies (192ms)
			RebuildTransferFunctionScriptingTraits (0ms)
			SetupTypeCache (549ms)
			ReleaseScriptCaches (2ms)
			RebuildScriptCaches (67ms)
			SetupLoadedEditorAssemblies (446ms)
				LogAssemblyErrors (0ms)
				InitializePlatformSupportModulesInManaged (6ms)
				SetLoadedEditorAssemblies (1ms)
				RefreshPlugins (1ms)
				BeforeProcessingInitializeOnLoad (121ms)
				ProcessInitializeOnLoadAttributes (294ms)
				ProcessInitializeOnLoadMethodAttributes (15ms)
				AfterProcessingInitializeOnLoad (8ms)
				EditorAssembliesLoaded (0ms)
			ExecutionOrderSort2 (0ms)
			AwakeInstancesAfterBackupRestoration (11ms)
Platform modules already initialized, skipping
Switching build target platform(19) subTarget(0) extendedPlatform(0) -> platform(13) subTarget(537395200) extendedPlatform(0)
Refreshing native plugins compatible for Editor in 0.70 ms, found 3 plugins.
Preloading 0 native plugins for Editor in 0.00 ms.
Unloading 2188 Unused Serialized files (Serialized files now loaded: 0)
System memory in use before: 98.9 MB.
System memory in use after: 99.0 MB.

Unloading 17 unused Assets to reduce memory usage. Loaded Objects now: 2650.
Total: 5.369800 ms (FindLiveObjects: 0.357000 ms CreateObjectMapping: 0.213400 ms MarkObjects: 4.749600 ms  DeleteObjects: 0.048100 ms)

AssetImportParameters requested are different than current active one (requested -> active):
  custom:framework-win-MediaFoundation: 216162199b28c13a410421893ffa2e32 -> 
  custom:video-decoder-ogg-theora: a1e56fd34408186e4bbccfd4996cb3dc -> 
  custom:container-muxer-webm: aa71ff27fc2769a1b78a27578f13a17b -> 
  custom:container-demuxer-webm: 4f35f7cbe854078d1ac9338744f61a02 -> 
  custom:container-demuxer-ogg: 62fdf1f143b41e24485cea50d1cbac27 -> 
  custom:video-encoder-webm-vp8: eb34c28f22e8b96e1ab97ce403110664 -> 
  custom:video-decoder-webm-vp8: 9c59270c3fd7afecdb556c50c9e8de78 -> 
  custom:graphics/normal-map-encoding: 01000000000000000000000000000000 -> 02000000000000000000000000000000
  custom:audio-decoder-ogg-vorbis: bf7c407c2cedff20999df2af8eb42d56 -> 
  custom:audio-encoder-webm-vorbis: bf7c407c2cedff20999df2af8eb42d56 -> 
========================================================================
Received Prepare
Registering precompiled user dll's ...
Registered in 0.005702 seconds.
Begin MonoManager ReloadAssembly
Native extension for WindowsStandalone target not found
Refreshing native plugins compatible for Editor in 0.62 ms, found 3 plugins.
Preloading 0 native plugins for Editor in 0.00 ms.
Mono: successfully reloaded assembly
- Completed reload, in  1.318 seconds
Domain Reload Profiling:
	ReloadAssembly (1319ms)
		BeginReloadAssembly (145ms)
			ExecutionOrderSort (0ms)
			DisableScriptedObjects (7ms)
			BackupInstance (0ms)
			ReleaseScriptingObjects (0ms)
			CreateAndSetChildDomain (41ms)
		EndReloadAssembly (1094ms)
			LoadAssemblies (117ms)
			RebuildTransferFunctionScriptingTraits (0ms)
			SetupTypeCache (390ms)
			ReleaseScriptCaches (1ms)
			RebuildScriptCaches (54ms)
			SetupLoadedEditorAssemblies (381ms)
				LogAssemblyErrors (0ms)
				InitializePlatformSupportModulesInManaged (5ms)
				SetLoadedEditorAssemblies (1ms)
				RefreshPlugins (1ms)
				BeforeProcessingInitializeOnLoad (112ms)
				ProcessInitializeOnLoadAttributes (237ms)
				ProcessInitializeOnLoadMethodAttributes (17ms)
				AfterProcessingInitializeOnLoad (8ms)
				EditorAssembliesLoaded (0ms)
			ExecutionOrderSort2 (0ms)
			AwakeInstancesAfterBackupRestoration (11ms)
Platform modules already initialized, skipping
Switching build target platform(19) subTarget(0) extendedPlatform(0) -> platform(13) subTarget(537395200) extendedPlatform(0)
Refreshing native plugins compatible for Editor in 0.76 ms, found 3 plugins.
Preloading 0 native plugins for Editor in 0.00 ms.
Unloading 2188 Unused Serialized files (Serialized files now loaded: 0)
System memory in use before: 98.9 MB.
System memory in use after: 99.0 MB.

Unloading 17 unused Assets to reduce memory usage. Loaded Objects now: 2652.
Total: 4.535600 ms (FindLiveObjects: 0.254800 ms CreateObjectMapping: 0.207800 ms MarkObjects: 3.915400 ms  DeleteObjects: 0.156200 ms)

AssetImportParameters requested are different than current active one (requested -> active):
  custom:framework-win-MediaFoundation: 216162199b28c13a410421893ffa2e32 -> 
  custom:video-decoder-ogg-theora: a1e56fd34408186e4bbccfd4996cb3dc -> 
  custom:container-muxer-webm: aa71ff27fc2769a1b78a27578f13a17b -> 
  custom:container-demuxer-webm: 4f35f7cbe854078d1ac9338744f61a02 -> 
  custom:container-demuxer-ogg: 62fdf1f143b41e24485cea50d1cbac27 -> 
  custom:video-encoder-webm-vp8: eb34c28f22e8b96e1ab97ce403110664 -> 
  custom:video-decoder-webm-vp8: 9c59270c3fd7afecdb556c50c9e8de78 -> 
  custom:graphics/normal-map-encoding: 01000000000000000000000000000000 -> 02000000000000000000000000000000
  custom:audio-decoder-ogg-vorbis: bf7c407c2cedff20999df2af8eb42d56 -> 
  custom:audio-encoder-webm-vorbis: bf7c407c2cedff20999df2af8eb42d56 -> 
========================================================================
Received Prepare
Registering precompiled user dll's ...
Registered in 0.004022 seconds.
Begin MonoManager ReloadAssembly
Native extension for WindowsStandalone target not found
Refreshing native plugins compatible for Editor in 0.50 ms, found 3 plugins.
Preloading 0 native plugins for Editor in 0.00 ms.
Mono: successfully reloaded assembly
- Completed reload, in  1.529 seconds
Domain Reload Profiling:
	ReloadAssembly (1530ms)
		BeginReloadAssembly (212ms)
			ExecutionOrderSort (0ms)
			DisableScriptedObjects (10ms)
			BackupInstance (0ms)
			ReleaseScriptingObjects (0ms)
			CreateAndSetChildDomain (76ms)
		EndReloadAssembly (1237ms)
			LoadAssemblies (149ms)
			RebuildTransferFunctionScriptingTraits (0ms)
			SetupTypeCache (462ms)
			ReleaseScriptCaches (2ms)
			RebuildScriptCaches (58ms)
			SetupLoadedEditorAssemblies (417ms)
				LogAssemblyErrors (0ms)
				InitializePlatformSupportModulesInManaged (5ms)
				SetLoadedEditorAssemblies (1ms)
				RefreshPlugins (1ms)
				BeforeProcessingInitializeOnLoad (114ms)
				ProcessInitializeOnLoadAttributes (270ms)
				ProcessInitializeOnLoadMethodAttributes (17ms)
				AfterProcessingInitializeOnLoad (9ms)
				EditorAssembliesLoaded (0ms)
			ExecutionOrderSort2 (0ms)
			AwakeInstancesAfterBackupRestoration (11ms)
Platform modules already initialized, skipping
Switching build target platform(19) subTarget(0) extendedPlatform(0) -> platform(13) subTarget(537395200) extendedPlatform(0)
Refreshing native plugins compatible for Editor in 0.78 ms, found 3 plugins.
Preloading 0 native plugins for Editor in 0.00 ms.
Unloading 2188 Unused Serialized files (Serialized files now loaded: 0)
System memory in use before: 98.9 MB.
System memory in use after: 99.0 MB.

Unloading 17 unused Assets to reduce memory usage. Loaded Objects now: 2654.
Total: 5.033300 ms (FindLiveObjects: 0.217800 ms CreateObjectMapping: 0.077500 ms MarkObjects: 4.697900 ms  DeleteObjects: 0.038500 ms)

AssetImportParameters requested are different than current active one (requested -> active):
  custom:framework-win-MediaFoundation: 216162199b28c13a410421893ffa2e32 -> 
  custom:video-decoder-ogg-theora: a1e56fd34408186e4bbccfd4996cb3dc -> 
  custom:container-muxer-webm: aa71ff27fc2769a1b78a27578f13a17b -> 
  custom:container-demuxer-webm: 4f35f7cbe854078d1ac9338744f61a02 -> 
  custom:container-demuxer-ogg: 62fdf1f143b41e24485cea50d1cbac27 -> 
  custom:video-encoder-webm-vp8: eb34c28f22e8b96e1ab97ce403110664 -> 
  custom:video-decoder-webm-vp8: 9c59270c3fd7afecdb556c50c9e8de78 -> 
  custom:graphics/normal-map-encoding: 01000000000000000000000000000000 -> 02000000000000000000000000000000
  custom:audio-decoder-ogg-vorbis: bf7c407c2cedff20999df2af8eb42d56 -> 
  custom:audio-encoder-webm-vorbis: bf7c407c2cedff20999df2af8eb42d56 -> 
========================================================================
Received Import Request.
  Time since last request: 409.760444 seconds.
  path: Assets
  artifactKey: Guid(00000000000000001000000000000000) Importer(815301076,1909f56bfc062723c751e8b465ee728b)
Start importing Assets using Guid(00000000000000001000000000000000) Importer(815301076,1909f56bfc062723c751e8b465ee728b)  -> (artifact id: '42d402b061de3733987d63b9cc3b64de') in 0.021549 seconds 
  Import took 0.028706 seconds .

========================================================================
Received Import Request.
  Time since last request: 8.056353 seconds.
  path: Assets/Prefabs
  artifactKey: Guid(a79be4085ef4f2b42ac333628176283a) Importer(815301076,1909f56bfc062723c751e8b465ee728b)
Start importing Assets/Prefabs using Guid(a79be4085ef4f2b42ac333628176283a) Importer(815301076,1909f56bfc062723c751e8b465ee728b)  -> (artifact id: '7adf261b370343fcf179e53ecd568352') in 0.011537 seconds 
  Import took 0.017054 seconds .

========================================================================
Received Import Request.
  Time since last request: 14.591288 seconds.
  path: Assets/Prefabs/Laser Bullet.prefab
  artifactKey: Guid(aea7f2917965ea747afbbd7a453355c6) Importer(815301076,1909f56bfc062723c751e8b465ee728b)
Start importing Assets/Prefabs/Laser Bullet.prefab using Guid(aea7f2917965ea747afbbd7a453355c6) Importer(815301076,1909f56bfc062723c751e8b465ee728b)  -> (artifact id: '5fc51ac00edfde0b25c352dda3da1d3f') in 0.217280 seconds 
  Import took 0.222426 seconds .

========================================================================
Received Import Request.
  Time since last request: 97.177446 seconds.
  path: Assets/Prefabs/Laser Bullet.prefab
  artifactKey: Guid(aea7f2917965ea747afbbd7a453355c6) Importer(815301076,1909f56bfc062723c751e8b465ee728b)
Start importing Assets/Prefabs/Laser Bullet.prefab using Guid(aea7f2917965ea747afbbd7a453355c6) Importer(815301076,1909f56bfc062723c751e8b465ee728b)  -> (artifact id: '06d666c8b0dc6d7e0bdf44f822f69e1b') in 0.045781 seconds 
  Import took 0.051653 seconds .

========================================================================
Received Prepare
Registering precompiled user dll's ...
Registered in 0.006475 seconds.
Begin MonoManager ReloadAssembly
Native extension for WindowsStandalone target not found
Refreshing native plugins compatible for Editor in 1.17 ms, found 3 plugins.
Preloading 0 native plugins for Editor in 0.00 ms.
Mono: successfully reloaded assembly
- Completed reload, in  2.090 seconds
Domain Reload Profiling:
	ReloadAssembly (2091ms)
		BeginReloadAssembly (225ms)
			ExecutionOrderSort (0ms)
			DisableScriptedObjects (13ms)
			BackupInstance (0ms)
			ReleaseScriptingObjects (0ms)
			CreateAndSetChildDomain (74ms)
		EndReloadAssembly (1750ms)
			LoadAssemblies (191ms)
			RebuildTransferFunctionScriptingTraits (0ms)
			SetupTypeCache (622ms)
			ReleaseScriptCaches (2ms)
			RebuildScriptCaches (84ms)
			SetupLoadedEditorAssemblies (605ms)
				LogAssemblyErrors (0ms)
				InitializePlatformSupportModulesInManaged (9ms)
				SetLoadedEditorAssemblies (1ms)
				RefreshPlugins (1ms)
				BeforeProcessingInitializeOnLoad (185ms)
				ProcessInitializeOnLoadAttributes (375ms)
				ProcessInitializeOnLoadMethodAttributes (23ms)
				AfterProcessingInitializeOnLoad (11ms)
				EditorAssembliesLoaded (0ms)
			ExecutionOrderSort2 (0ms)
			AwakeInstancesAfterBackupRestoration (21ms)
Platform modules already initialized, skipping
Switching build target platform(19) subTarget(0) extendedPlatform(0) -> platform(13) subTarget(537395200) extendedPlatform(0)
Refreshing native plugins compatible for Editor in 1.10 ms, found 3 plugins.
Preloading 0 native plugins for Editor in 0.00 ms.
Unloading 2188 Unused Serialized files (Serialized files now loaded: 0)
System memory in use before: 99.0 MB.
System memory in use after: 99.1 MB.

Unloading 17 unused Assets to reduce memory usage. Loaded Objects now: 2660.
Total: 6.865000 ms (FindLiveObjects: 0.276700 ms CreateObjectMapping: 0.122300 ms MarkObjects: 6.417600 ms  DeleteObjects: 0.046500 ms)

AssetImportParameters requested are different than current active one (requested -> active):
  custom:framework-win-MediaFoundation: 216162199b28c13a410421893ffa2e32 -> 
  custom:video-decoder-ogg-theora: a1e56fd34408186e4bbccfd4996cb3dc -> 
  custom:container-muxer-webm: aa71ff27fc2769a1b78a27578f13a17b -> 
  custom:container-demuxer-webm: 4f35f7cbe854078d1ac9338744f61a02 -> 
  custom:container-demuxer-ogg: 62fdf1f143b41e24485cea50d1cbac27 -> 
  custom:video-encoder-webm-vp8: eb34c28f22e8b96e1ab97ce403110664 -> 
  custom:video-decoder-webm-vp8: 9c59270c3fd7afecdb556c50c9e8de78 -> 
  custom:graphics/normal-map-encoding: 01000000000000000000000000000000 -> 02000000000000000000000000000000
  custom:audio-decoder-ogg-vorbis: bf7c407c2cedff20999df2af8eb42d56 -> 
  custom:audio-encoder-webm-vorbis: bf7c407c2cedff20999df2af8eb42d56 -> 
========================================================================
Received Prepare
Registering precompiled user dll's ...
Registered in 0.007800 seconds.
Begin MonoManager ReloadAssembly
Native extension for WindowsStandalone target not found
Refreshing native plugins compatible for Editor in 0.62 ms, found 3 plugins.
Preloading 0 native plugins for Editor in 0.00 ms.
Mono: successfully reloaded assembly
- Completed reload, in  2.009 seconds
Domain Reload Profiling:
	ReloadAssembly (2010ms)
		BeginReloadAssembly (198ms)
			ExecutionOrderSort (0ms)
			DisableScriptedObjects (11ms)
			BackupInstance (0ms)
			ReleaseScriptingObjects (0ms)
			CreateAndSetChildDomain (66ms)
		EndReloadAssembly (1697ms)
			LoadAssemblies (188ms)
			RebuildTransferFunctionScriptingTraits (0ms)
			SetupTypeCache (592ms)
			ReleaseScriptCaches (2ms)
			RebuildScriptCaches (80ms)
			SetupLoadedEditorAssemblies (573ms)
				LogAssemblyErrors (0ms)
				InitializePlatformSupportModulesInManaged (5ms)
				SetLoadedEditorAssemblies (1ms)
				RefreshPlugins (1ms)
				BeforeProcessingInitializeOnLoad (161ms)
				ProcessInitializeOnLoadAttributes (374ms)
				ProcessInitializeOnLoadMethodAttributes (21ms)
				AfterProcessingInitializeOnLoad (10ms)
				EditorAssembliesLoaded (0ms)
			ExecutionOrderSort2 (0ms)
			AwakeInstancesAfterBackupRestoration (16ms)
Platform modules already initialized, skipping
Switching build target platform(19) subTarget(0) extendedPlatform(0) -> platform(13) subTarget(537395200) extendedPlatform(0)
Refreshing native plugins compatible for Editor in 0.80 ms, found 3 plugins.
Preloading 0 native plugins for Editor in 0.00 ms.
Unloading 2188 Unused Serialized files (Serialized files now loaded: 0)
System memory in use before: 99.0 MB.
System memory in use after: 99.1 MB.

Unloading 17 unused Assets to reduce memory usage. Loaded Objects now: 2662.
Total: 8.377400 ms (FindLiveObjects: 0.741200 ms CreateObjectMapping: 0.194000 ms MarkObjects: 7.378700 ms  DeleteObjects: 0.060900 ms)

AssetImportParameters requested are different than current active one (requested -> active):
  custom:framework-win-MediaFoundation: 216162199b28c13a410421893ffa2e32 -> 
  custom:video-decoder-ogg-theora: a1e56fd34408186e4bbccfd4996cb3dc -> 
  custom:container-muxer-webm: aa71ff27fc2769a1b78a27578f13a17b -> 
  custom:container-demuxer-webm: 4f35f7cbe854078d1ac9338744f61a02 -> 
  custom:container-demuxer-ogg: 62fdf1f143b41e24485cea50d1cbac27 -> 
  custom:video-encoder-webm-vp8: eb34c28f22e8b96e1ab97ce403110664 -> 
  custom:video-decoder-webm-vp8: 9c59270c3fd7afecdb556c50c9e8de78 -> 
  custom:graphics/normal-map-encoding: 01000000000000000000000000000000 -> 02000000000000000000000000000000
  custom:audio-decoder-ogg-vorbis: bf7c407c2cedff20999df2af8eb42d56 -> 
  custom:audio-encoder-webm-vorbis: bf7c407c2cedff20999df2af8eb42d56 -> 
========================================================================
Received Prepare
Registering precompiled user dll's ...
Registered in 0.006627 seconds.
Begin MonoManager ReloadAssembly
Native extension for WindowsStandalone target not found
Refreshing native plugins compatible for Editor in 0.53 ms, found 3 plugins.
Preloading 0 native plugins for Editor in 0.00 ms.
Mono: successfully reloaded assembly
- Completed reload, in  2.062 seconds
Domain Reload Profiling:
	ReloadAssembly (2062ms)
		BeginReloadAssembly (155ms)
			ExecutionOrderSort (0ms)
			DisableScriptedObjects (9ms)
			BackupInstance (0ms)
			ReleaseScriptingObjects (0ms)
			CreateAndSetChildDomain (43ms)
		EndReloadAssembly (1660ms)
			LoadAssemblies (141ms)
			RebuildTransferFunctionScriptingTraits (0ms)
			SetupTypeCache (608ms)
			ReleaseScriptCaches (2ms)
			RebuildScriptCaches (98ms)
			SetupLoadedEditorAssemblies (421ms)
				LogAssemblyErrors (0ms)
				InitializePlatformSupportModulesInManaged (6ms)
				SetLoadedEditorAssemblies (1ms)
				RefreshPlugins (1ms)
				BeforeProcessingInitializeOnLoad (113ms)
				ProcessInitializeOnLoadAttributes (272ms)
				ProcessInitializeOnLoadMethodAttributes (18ms)
				AfterProcessingInitializeOnLoad (10ms)
				EditorAssembliesLoaded (1ms)
			ExecutionOrderSort2 (0ms)
			AwakeInstancesAfterBackupRestoration (14ms)
Platform modules already initialized, skipping
Switching build target platform(19) subTarget(0) extendedPlatform(0) -> platform(13) subTarget(537395200) extendedPlatform(0)
Refreshing native plugins compatible for Editor in 1.43 ms, found 3 plugins.
Preloading 0 native plugins for Editor in 0.00 ms.
Unloading 2188 Unused Serialized files (Serialized files now loaded: 0)
System memory in use before: 99.0 MB.
System memory in use after: 99.1 MB.

Unloading 17 unused Assets to reduce memory usage. Loaded Objects now: 2664.
Total: 3.590300 ms (FindLiveObjects: 0.168700 ms CreateObjectMapping: 0.087700 ms MarkObjects: 3.281900 ms  DeleteObjects: 0.051100 ms)

AssetImportParameters requested are different than current active one (requested -> active):
  custom:framework-win-MediaFoundation: 216162199b28c13a410421893ffa2e32 -> 
  custom:video-decoder-ogg-theora: a1e56fd34408186e4bbccfd4996cb3dc -> 
  custom:container-muxer-webm: aa71ff27fc2769a1b78a27578f13a17b -> 
  custom:container-demuxer-webm: 4f35f7cbe854078d1ac9338744f61a02 -> 
  custom:container-demuxer-ogg: 62fdf1f143b41e24485cea50d1cbac27 -> 
  custom:video-encoder-webm-vp8: eb34c28f22e8b96e1ab97ce403110664 -> 
  custom:video-decoder-webm-vp8: 9c59270c3fd7afecdb556c50c9e8de78 -> 
  custom:graphics/normal-map-encoding: 01000000000000000000000000000000 -> 02000000000000000000000000000000
  custom:audio-decoder-ogg-vorbis: bf7c407c2cedff20999df2af8eb42d56 -> 
  custom:audio-encoder-webm-vorbis: bf7c407c2cedff20999df2af8eb42d56 -> 
========================================================================
Received Prepare
Registering precompiled user dll's ...
Registered in 0.004236 seconds.
Begin MonoManager ReloadAssembly
Native extension for WindowsStandalone target not found
Refreshing native plugins compatible for Editor in 0.59 ms, found 3 plugins.
Preloading 0 native plugins for Editor in 0.00 ms.
Mono: successfully reloaded assembly
- Completed reload, in  1.295 seconds
Domain Reload Profiling:
	ReloadAssembly (1296ms)
		BeginReloadAssembly (132ms)
			ExecutionOrderSort (0ms)
			DisableScriptedObjects (7ms)
			BackupInstance (0ms)
			ReleaseScriptingObjects (0ms)
			CreateAndSetChildDomain (36ms)
		EndReloadAssembly (1090ms)
			LoadAssemblies (108ms)
			RebuildTransferFunctionScriptingTraits (0ms)
			SetupTypeCache (370ms)
			ReleaseScriptCaches (1ms)
			RebuildScriptCaches (48ms)
			SetupLoadedEditorAssemblies (378ms)
				LogAssemblyErrors (0ms)
				InitializePlatformSupportModulesInManaged (5ms)
				SetLoadedEditorAssemblies (1ms)
				RefreshPlugins (1ms)
				BeforeProcessingInitializeOnLoad (104ms)
				ProcessInitializeOnLoadAttributes (247ms)
				ProcessInitializeOnLoadMethodAttributes (14ms)
				AfterProcessingInitializeOnLoad (7ms)
				EditorAssembliesLoaded (0ms)
			ExecutionOrderSort2 (0ms)
			AwakeInstancesAfterBackupRestoration (10ms)
Platform modules already initialized, skipping
Switching build target platform(19) subTarget(0) extendedPlatform(0) -> platform(13) subTarget(537395200) extendedPlatform(0)
Refreshing native plugins compatible for Editor in 0.50 ms, found 3 plugins.
Preloading 0 native plugins for Editor in 0.00 ms.
Unloading 2188 Unused Serialized files (Serialized files now loaded: 0)
System memory in use before: 99.0 MB.
System memory in use after: 99.1 MB.

Unloading 17 unused Assets to reduce memory usage. Loaded Objects now: 2666.
Total: 4.195000 ms (FindLiveObjects: 0.437800 ms CreateObjectMapping: 0.136400 ms MarkObjects: 3.558600 ms  DeleteObjects: 0.060700 ms)

AssetImportParameters requested are different than current active one (requested -> active):
  custom:framework-win-MediaFoundation: 216162199b28c13a410421893ffa2e32 -> 
  custom:video-decoder-ogg-theora: a1e56fd34408186e4bbccfd4996cb3dc -> 
  custom:container-muxer-webm: aa71ff27fc2769a1b78a27578f13a17b -> 
  custom:container-demuxer-webm: 4f35f7cbe854078d1ac9338744f61a02 -> 
  custom:container-demuxer-ogg: 62fdf1f143b41e24485cea50d1cbac27 -> 
  custom:video-encoder-webm-vp8: eb34c28f22e8b96e1ab97ce403110664 -> 
  custom:video-decoder-webm-vp8: 9c59270c3fd7afecdb556c50c9e8de78 -> 
  custom:graphics/normal-map-encoding: 01000000000000000000000000000000 -> 02000000000000000000000000000000
  custom:audio-decoder-ogg-vorbis: bf7c407c2cedff20999df2af8eb42d56 -> 
  custom:audio-encoder-webm-vorbis: bf7c407c2cedff20999df2af8eb42d56 -> 
========================================================================
Received Prepare
Registering precompiled user dll's ...
Registered in 0.007005 seconds.
Begin MonoManager ReloadAssembly
Native extension for WindowsStandalone target not found
Refreshing native plugins compatible for Editor in 0.86 ms, found 3 plugins.
Preloading 0 native plugins for Editor in 0.00 ms.
Mono: successfully reloaded assembly
- Completed reload, in  2.010 seconds
Domain Reload Profiling:
	ReloadAssembly (2012ms)
		BeginReloadAssembly (220ms)
			ExecutionOrderSort (0ms)
			DisableScriptedObjects (11ms)
			BackupInstance (0ms)
			ReleaseScriptingObjects (0ms)
			CreateAndSetChildDomain (64ms)
		EndReloadAssembly (1671ms)
			LoadAssemblies (194ms)
			RebuildTransferFunctionScriptingTraits (0ms)
			SetupTypeCache (556ms)
			ReleaseScriptCaches (2ms)
			RebuildScriptCaches (84ms)
			SetupLoadedEditorAssemblies (559ms)
				LogAssemblyErrors (0ms)
				InitializePlatformSupportModulesInManaged (8ms)
				SetLoadedEditorAssemblies (1ms)
				RefreshPlugins (1ms)
				BeforeProcessingInitializeOnLoad (160ms)
				ProcessInitializeOnLoadAttributes (353ms)
				ProcessInitializeOnLoadMethodAttributes (26ms)
				AfterProcessingInitializeOnLoad (10ms)
				EditorAssembliesLoaded (0ms)
			ExecutionOrderSort2 (0ms)
			AwakeInstancesAfterBackupRestoration (16ms)
Platform modules already initialized, skipping
Switching build target platform(19) subTarget(0) extendedPlatform(0) -> platform(13) subTarget(537395200) extendedPlatform(0)
Refreshing native plugins compatible for Editor in 1.99 ms, found 3 plugins.
Preloading 0 native plugins for Editor in 0.00 ms.
Unloading 2188 Unused Serialized files (Serialized files now loaded: 0)
System memory in use before: 99.0 MB.
System memory in use after: 99.1 MB.

Unloading 17 unused Assets to reduce memory usage. Loaded Objects now: 2668.
Total: 6.690800 ms (FindLiveObjects: 0.451200 ms CreateObjectMapping: 0.394000 ms MarkObjects: 5.821800 ms  DeleteObjects: 0.021500 ms)

AssetImportParameters requested are different than current active one (requested -> active):
  custom:framework-win-MediaFoundation: 216162199b28c13a410421893ffa2e32 -> 
  custom:video-decoder-ogg-theora: a1e56fd34408186e4bbccfd4996cb3dc -> 
  custom:container-muxer-webm: aa71ff27fc2769a1b78a27578f13a17b -> 
  custom:container-demuxer-webm: 4f35f7cbe854078d1ac9338744f61a02 -> 
  custom:container-demuxer-ogg: 62fdf1f143b41e24485cea50d1cbac27 -> 
  custom:video-encoder-webm-vp8: eb34c28f22e8b96e1ab97ce403110664 -> 
  custom:video-decoder-webm-vp8: 9c59270c3fd7afecdb556c50c9e8de78 -> 
  custom:graphics/normal-map-encoding: 01000000000000000000000000000000 -> 02000000000000000000000000000000
  custom:audio-decoder-ogg-vorbis: bf7c407c2cedff20999df2af8eb42d56 -> 
  custom:audio-encoder-webm-vorbis: bf7c407c2cedff20999df2af8eb42d56 -> 
========================================================================
Received Prepare
Registering precompiled user dll's ...
Registered in 0.004270 seconds.
Begin MonoManager ReloadAssembly
Native extension for WindowsStandalone target not found
Refreshing native plugins compatible for Editor in 1.51 ms, found 3 plugins.
Preloading 0 native plugins for Editor in 0.00 ms.
Mono: successfully reloaded assembly
- Completed reload, in  1.612 seconds
Domain Reload Profiling:
	ReloadAssembly (1613ms)
		BeginReloadAssembly (161ms)
			ExecutionOrderSort (0ms)
			DisableScriptedObjects (10ms)
			BackupInstance (0ms)
			ReleaseScriptingObjects (0ms)
			CreateAndSetChildDomain (49ms)
		EndReloadAssembly (1356ms)
			LoadAssemblies (148ms)
			RebuildTransferFunctionScriptingTraits (0ms)
			SetupTypeCache (456ms)
			ReleaseScriptCaches (1ms)
			RebuildScriptCaches (69ms)
			SetupLoadedEditorAssemblies (431ms)
				LogAssemblyErrors (0ms)
				InitializePlatformSupportModulesInManaged (7ms)
				SetLoadedEditorAssemblies (1ms)
				RefreshPlugins (2ms)
				BeforeProcessingInitializeOnLoad (120ms)
				ProcessInitializeOnLoadAttributes (276ms)
				ProcessInitializeOnLoadMethodAttributes (17ms)
				AfterProcessingInitializeOnLoad (8ms)
				EditorAssembliesLoaded (0ms)
			ExecutionOrderSort2 (0ms)
			AwakeInstancesAfterBackupRestoration (15ms)
Platform modules already initialized, skipping
Switching build target platform(19) subTarget(0) extendedPlatform(0) -> platform(13) subTarget(537395200) extendedPlatform(0)
Refreshing native plugins compatible for Editor in 0.56 ms, found 3 plugins.
Preloading 0 native plugins for Editor in 0.00 ms.
Unloading 2188 Unused Serialized files (Serialized files now loaded: 0)
System memory in use before: 99.0 MB.
System memory in use after: 99.1 MB.

Unloading 17 unused Assets to reduce memory usage. Loaded Objects now: 2670.
Total: 4.265700 ms (FindLiveObjects: 0.174900 ms CreateObjectMapping: 0.087400 ms MarkObjects: 3.949800 ms  DeleteObjects: 0.052600 ms)

AssetImportParameters requested are different than current active one (requested -> active):
  custom:framework-win-MediaFoundation: 216162199b28c13a410421893ffa2e32 -> 
  custom:video-decoder-ogg-theora: a1e56fd34408186e4bbccfd4996cb3dc -> 
  custom:container-muxer-webm: aa71ff27fc2769a1b78a27578f13a17b -> 
  custom:container-demuxer-webm: 4f35f7cbe854078d1ac9338744f61a02 -> 
  custom:container-demuxer-ogg: 62fdf1f143b41e24485cea50d1cbac27 -> 
  custom:video-encoder-webm-vp8: eb34c28f22e8b96e1ab97ce403110664 -> 
  custom:video-decoder-webm-vp8: 9c59270c3fd7afecdb556c50c9e8de78 -> 
  custom:graphics/normal-map-encoding: 01000000000000000000000000000000 -> 02000000000000000000000000000000
  custom:audio-decoder-ogg-vorbis: bf7c407c2cedff20999df2af8eb42d56 -> 
  custom:audio-encoder-webm-vorbis: bf7c407c2cedff20999df2af8eb42d56 -> 
========================================================================
Received Prepare
Registering precompiled user dll's ...
Registered in 0.006785 seconds.
Begin MonoManager ReloadAssembly
Native extension for WindowsStandalone target not found
Refreshing native plugins compatible for Editor in 0.52 ms, found 3 plugins.
Preloading 0 native plugins for Editor in 0.00 ms.
Mono: successfully reloaded assembly
- Completed reload, in  1.423 seconds
Domain Reload Profiling:
	ReloadAssembly (1424ms)
		BeginReloadAssembly (207ms)
			ExecutionOrderSort (0ms)
			DisableScriptedObjects (11ms)
			BackupInstance (0ms)
			ReleaseScriptingObjects (0ms)
			CreateAndSetChildDomain (58ms)
		EndReloadAssembly (1116ms)
			LoadAssemblies (155ms)
			RebuildTransferFunctionScriptingTraits (0ms)
			SetupTypeCache (379ms)
			ReleaseScriptCaches (1ms)
			RebuildScriptCaches (52ms)
			SetupLoadedEditorAssemblies (365ms)
				LogAssemblyErrors (0ms)
				InitializePlatformSupportModulesInManaged (8ms)
				SetLoadedEditorAssemblies (1ms)
				RefreshPlugins (1ms)
				BeforeProcessingInitializeOnLoad (107ms)
				ProcessInitializeOnLoadAttributes (226ms)
				ProcessInitializeOnLoadMethodAttributes (14ms)
				AfterProcessingInitializeOnLoad (7ms)
				EditorAssembliesLoaded (0ms)
			ExecutionOrderSort2 (0ms)
			AwakeInstancesAfterBackupRestoration (10ms)
Platform modules already initialized, skipping
Switching build target platform(19) subTarget(0) extendedPlatform(0) -> platform(13) subTarget(537395200) extendedPlatform(0)
Refreshing native plugins compatible for Editor in 0.56 ms, found 3 plugins.
Preloading 0 native plugins for Editor in 0.00 ms.
Unloading 2188 Unused Serialized files (Serialized files now loaded: 0)
System memory in use before: 99.0 MB.
System memory in use after: 99.1 MB.

Unloading 17 unused Assets to reduce memory usage. Loaded Objects now: 2672.
Total: 3.372100 ms (FindLiveObjects: 0.217900 ms CreateObjectMapping: 0.088000 ms MarkObjects: 2.996300 ms  DeleteObjects: 0.068800 ms)

AssetImportParameters requested are different than current active one (requested -> active):
  custom:framework-win-MediaFoundation: 216162199b28c13a410421893ffa2e32 -> 
  custom:video-decoder-ogg-theora: a1e56fd34408186e4bbccfd4996cb3dc -> 
  custom:container-muxer-webm: aa71ff27fc2769a1b78a27578f13a17b -> 
  custom:container-demuxer-webm: 4f35f7cbe854078d1ac9338744f61a02 -> 
  custom:container-demuxer-ogg: 62fdf1f143b41e24485cea50d1cbac27 -> 
  custom:video-encoder-webm-vp8: eb34c28f22e8b96e1ab97ce403110664 -> 
  custom:video-decoder-webm-vp8: 9c59270c3fd7afecdb556c50c9e8de78 -> 
  custom:graphics/normal-map-encoding: 01000000000000000000000000000000 -> 02000000000000000000000000000000
  custom:audio-decoder-ogg-vorbis: bf7c407c2cedff20999df2af8eb42d56 -> 
  custom:audio-encoder-webm-vorbis: bf7c407c2cedff20999df2af8eb42d56 -> 
========================================================================
Received Prepare
Registering precompiled user dll's ...
Registered in 0.005535 seconds.
Begin MonoManager ReloadAssembly
Native extension for WindowsStandalone target not found
Refreshing native plugins compatible for Editor in 0.68 ms, found 3 plugins.
Preloading 0 native plugins for Editor in 0.00 ms.
Mono: successfully reloaded assembly
- Completed reload, in  1.611 seconds
Domain Reload Profiling:
	ReloadAssembly (1611ms)
		BeginReloadAssembly (158ms)
			ExecutionOrderSort (0ms)
			DisableScriptedObjects (9ms)
			BackupInstance (0ms)
			ReleaseScriptingObjects (0ms)
			CreateAndSetChildDomain (50ms)
		EndReloadAssembly (1366ms)
			LoadAssemblies (139ms)
			RebuildTransferFunctionScriptingTraits (0ms)
			SetupTypeCache (486ms)
			ReleaseScriptCaches (1ms)
			RebuildScriptCaches (68ms)
			SetupLoadedEditorAssemblies (410ms)
				LogAssemblyErrors (0ms)
				InitializePlatformSupportModulesInManaged (7ms)
				SetLoadedEditorAssemblies (1ms)
				RefreshPlugins (1ms)
				BeforeProcessingInitializeOnLoad (110ms)
				ProcessInitializeOnLoadAttributes (264ms)
				ProcessInitializeOnLoadMethodAttributes (17ms)
				AfterProcessingInitializeOnLoad (11ms)
				EditorAssembliesLoaded (0ms)
			ExecutionOrderSort2 (0ms)
			AwakeInstancesAfterBackupRestoration (14ms)
Platform modules already initialized, skipping
Switching build target platform(19) subTarget(0) extendedPlatform(0) -> platform(13) subTarget(537395200) extendedPlatform(0)
Refreshing native plugins compatible for Editor in 0.59 ms, found 3 plugins.
Preloading 0 native plugins for Editor in 0.00 ms.
Unloading 2188 Unused Serialized files (Serialized files now loaded: 0)
System memory in use before: 99.0 MB.
System memory in use after: 99.1 MB.

Unloading 17 unused Assets to reduce memory usage. Loaded Objects now: 2674.
Total: 6.791100 ms (FindLiveObjects: 0.452300 ms CreateObjectMapping: 0.128400 ms MarkObjects: 6.147500 ms  DeleteObjects: 0.061200 ms)

AssetImportParameters requested are different than current active one (requested -> active):
  custom:framework-win-MediaFoundation: 216162199b28c13a410421893ffa2e32 -> 
  custom:video-decoder-ogg-theora: a1e56fd34408186e4bbccfd4996cb3dc -> 
  custom:container-muxer-webm: aa71ff27fc2769a1b78a27578f13a17b -> 
  custom:container-demuxer-webm: 4f35f7cbe854078d1ac9338744f61a02 -> 
  custom:container-demuxer-ogg: 62fdf1f143b41e24485cea50d1cbac27 -> 
  custom:video-encoder-webm-vp8: eb34c28f22e8b96e1ab97ce403110664 -> 
  custom:video-decoder-webm-vp8: 9c59270c3fd7afecdb556c50c9e8de78 -> 
  custom:graphics/normal-map-encoding: 01000000000000000000000000000000 -> 02000000000000000000000000000000
  custom:audio-decoder-ogg-vorbis: bf7c407c2cedff20999df2af8eb42d56 -> 
  custom:audio-encoder-webm-vorbis: bf7c407c2cedff20999df2af8eb42d56 -> 
========================================================================
Received Import Request.
  Time since last request: 1163.842394 seconds.
  path: Packages/com.unity.2d.pixel-perfect/package.json
  artifactKey: Guid(b1c570008ebc15d4183516ca5722a39e) Importer(815301076,1909f56bfc062723c751e8b465ee728b)
Start importing Packages/com.unity.2d.pixel-perfect/package.json using Guid(b1c570008ebc15d4183516ca5722a39e) Importer(815301076,1909f56bfc062723c751e8b465ee728b)  -> (artifact id: '00989447aebaa7f8a44a908d1cabf462') in 0.075914 seconds 
  Import took 0.087722 seconds .

========================================================================
Received Import Request.
  Time since last request: 0.416527 seconds.
  path: Packages/com.unity.2d.path/package.json
  artifactKey: Guid(990785fe75c54584ab4201a3e20e1655) Importer(815301076,1909f56bfc062723c751e8b465ee728b)
Start importing Packages/com.unity.2d.path/package.json using Guid(990785fe75c54584ab4201a3e20e1655) Importer(815301076,1909f56bfc062723c751e8b465ee728b)  -> (artifact id: 'fe5d99fbc4c8faa1672fe316120be7b3') in 0.005885 seconds 
  Import took 0.017542 seconds .

========================================================================
Received Import Request.
  Time since last request: 0.388424 seconds.
  path: Packages/com.unity.2d.common/package.json
  artifactKey: Guid(68f1917ec3cac45b080c26153375c2bb) Importer(815301076,1909f56bfc062723c751e8b465ee728b)
Start importing Packages/com.unity.2d.common/package.json using Guid(68f1917ec3cac45b080c26153375c2bb) Importer(815301076,1909f56bfc062723c751e8b465ee728b)  -> (artifact id: 'bcdb1d9f21cd3ec447b7f1a49f5c4f7c') in 0.005439 seconds 
  Import took 0.014837 seconds .

========================================================================
Received Import Request.
  Time since last request: 1.785811 seconds.
  path: Packages/com.unity.2d.animation/package.json
  artifactKey: Guid(9e83c20a8293f44ec8a375d3805f477d) Importer(815301076,1909f56bfc062723c751e8b465ee728b)
Start importing Packages/com.unity.2d.animation/package.json using Guid(9e83c20a8293f44ec8a375d3805f477d) Importer(815301076,1909f56bfc062723c751e8b465ee728b)  -> (artifact id: 'c9762aeaf1aec135d86561c4fe80c577') in 0.005908 seconds 
  Import took 0.015936 seconds .

========================================================================
Received Import Request.
  Time since last request: 5.217860 seconds.
  path: Packages/com.unity.2d.spriteshape/package.json
  artifactKey: Guid(4eabc3d1ad1424372b03cfc117521e24) Importer(815301076,1909f56bfc062723c751e8b465ee728b)
Start importing Packages/com.unity.2d.spriteshape/package.json using Guid(4eabc3d1ad1424372b03cfc117521e24) Importer(815301076,1909f56bfc062723c751e8b465ee728b)  -> (artifact id: '065a5cc83f52af4f2208f710e89768c4') in 0.003181 seconds 
  Import took 0.008074 seconds .

========================================================================
Received Import Request.
  Time since last request: 0.451529 seconds.
  path: Packages/com.unity.2d.sprite/package.json
  artifactKey: Guid(7dc5f1e5d04ac8549ac21802071e983b) Importer(815301076,1909f56bfc062723c751e8b465ee728b)
Start importing Packages/com.unity.2d.sprite/package.json using Guid(7dc5f1e5d04ac8549ac21802071e983b) Importer(815301076,1909f56bfc062723c751e8b465ee728b)  -> (artifact id: 'ff87128bdf6981a9843158b29f26b2df') in 0.004793 seconds 
  Import took 0.013599 seconds .

========================================================================
Received Import Request.
  Time since last request: 3.330531 seconds.
  path: Assets/Explosion/explosion-6.png
  artifactKey: Guid(cff8875772635ef4b83d76ec0d3d48c5) Importer(815301076,1909f56bfc062723c751e8b465ee728b)
Start importing Assets/Explosion/explosion-6.png using Guid(cff8875772635ef4b83d76ec0d3d48c5) Importer(815301076,1909f56bfc062723c751e8b465ee728b)  -> (artifact id: 'fb03ce8f367648a5c4dd577f8105f25c') in 0.056286 seconds 
  Import took 0.061782 seconds .

========================================================================
Received Import Request.
  Time since last request: 0.329654 seconds.
  path: Assets/Fonts/kenvector_future.ttf
  artifactKey: Guid(9bbaf4ab81351e64596026887ea69cbf) Importer(815301076,1909f56bfc062723c751e8b465ee728b)
Start importing Assets/Fonts/kenvector_future.ttf using Guid(9bbaf4ab81351e64596026887ea69cbf) Importer(815301076,1909f56bfc062723c751e8b465ee728b)  -> (artifact id: 'ac40bdddc8ee21560ef720d196dc8be5') in 0.085956 seconds 
  Import took 0.090055 seconds .

========================================================================
Received Import Request.
  Time since last request: 9.510535 seconds.
  path: Assets/Sounds/sfx_laser1.ogg
  artifactKey: Guid(ef2abeaf3415e8140a19f76b52552505) Importer(815301076,1909f56bfc062723c751e8b465ee728b)
Start importing Assets/Sounds/sfx_laser1.ogg using Guid(ef2abeaf3415e8140a19f76b52552505) Importer(815301076,1909f56bfc062723c751e8b465ee728b)  -> (artifact id: 'a81fe642c4f7723539886c3815583d20') in 0.043214 seconds 
  Import took 0.047376 seconds .

========================================================================
Received Import Request.
  Time since last request: 0.000390 seconds.
  path: Assets/Sounds/sfx_laser2.ogg
  artifactKey: Guid(4031e844a919d93428d02389f48f891b) Importer(815301076,1909f56bfc062723c751e8b465ee728b)
Start importing Assets/Sounds/sfx_laser2.ogg using Guid(4031e844a919d93428d02389f48f891b) Importer(815301076,1909f56bfc062723c751e8b465ee728b)  -> (artifact id: '828d22c96cc33da903e9acd9c0056192') in 0.018917 seconds 
  Import took 0.022931 seconds .

========================================================================
Received Import Request.
  Time since last request: 0.000447 seconds.
  path: Assets/Sounds/sfx_lose.ogg
  artifactKey: Guid(9f02bc7a09a9ac54eb3daaa8255ddd19) Importer(815301076,1909f56bfc062723c751e8b465ee728b)
Start importing Assets/Sounds/sfx_lose.ogg using Guid(9f02bc7a09a9ac54eb3daaa8255ddd19) Importer(815301076,1909f56bfc062723c751e8b465ee728b)  -> (artifact id: '563621ab2c33a04e4b82aef0fb98a844') in 0.022879 seconds 
  Import took 0.028778 seconds .

========================================================================
Received Prepare
Registering precompiled user dll's ...
Registered in 0.006455 seconds.
Begin MonoManager ReloadAssembly
Native extension for WindowsStandalone target not found
Refreshing native plugins compatible for Editor in 0.63 ms, found 3 plugins.
Preloading 0 native plugins for Editor in 0.00 ms.
Mono: successfully reloaded assembly
- Completed reload, in  1.605 seconds
Domain Reload Profiling:
	ReloadAssembly (1606ms)
		BeginReloadAssembly (149ms)
			ExecutionOrderSort (0ms)
			DisableScriptedObjects (7ms)
			BackupInstance (0ms)
			ReleaseScriptingObjects (0ms)
			CreateAndSetChildDomain (45ms)
		EndReloadAssembly (1371ms)
			LoadAssemblies (143ms)
			RebuildTransferFunctionScriptingTraits (0ms)
			SetupTypeCache (468ms)
			ReleaseScriptCaches (2ms)
			RebuildScriptCaches (67ms)
			SetupLoadedEditorAssemblies (442ms)
				LogAssemblyErrors (0ms)
				InitializePlatformSupportModulesInManaged (5ms)
				SetLoadedEditorAssemblies (1ms)
				RefreshPlugins (1ms)
				BeforeProcessingInitializeOnLoad (117ms)
				ProcessInitializeOnLoadAttributes (295ms)
				ProcessInitializeOnLoadMethodAttributes (15ms)
				AfterProcessingInitializeOnLoad (9ms)
				EditorAssembliesLoaded (0ms)
			ExecutionOrderSort2 (0ms)
			AwakeInstancesAfterBackupRestoration (12ms)
Platform modules already initialized, skipping
Switching build target platform(19) subTarget(0) extendedPlatform(0) -> platform(13) subTarget(537395200) extendedPlatform(0)
Refreshing native plugins compatible for Editor in 0.52 ms, found 3 plugins.
Preloading 0 native plugins for Editor in 0.00 ms.
Unloading 2194 Unused Serialized files (Serialized files now loaded: 0)
System memory in use before: 99.7 MB.
System memory in use after: 99.9 MB.

Unloading 17 unused Assets to reduce memory usage. Loaded Objects now: 2724.
Total: 4.104800 ms (FindLiveObjects: 0.375000 ms CreateObjectMapping: 0.129600 ms MarkObjects: 3.579500 ms  DeleteObjects: 0.019800 ms)

AssetImportParameters requested are different than current active one (requested -> active):
  custom:framework-win-MediaFoundation: 216162199b28c13a410421893ffa2e32 -> 
  custom:video-decoder-ogg-theora: a1e56fd34408186e4bbccfd4996cb3dc -> 
  custom:container-muxer-webm: aa71ff27fc2769a1b78a27578f13a17b -> 
  custom:container-demuxer-webm: 4f35f7cbe854078d1ac9338744f61a02 -> 
  custom:container-demuxer-ogg: 62fdf1f143b41e24485cea50d1cbac27 -> 
  custom:video-encoder-webm-vp8: eb34c28f22e8b96e1ab97ce403110664 -> 
  custom:video-decoder-webm-vp8: 9c59270c3fd7afecdb556c50c9e8de78 -> 
  custom:graphics/normal-map-encoding: 01000000000000000000000000000000 -> 02000000000000000000000000000000
  custom:audio-decoder-ogg-vorbis: bf7c407c2cedff20999df2af8eb42d56 -> 
  custom:audio-encoder-webm-vorbis: bf7c407c2cedff20999df2af8eb42d56 -> 
========================================================================
Received Prepare
Registering precompiled user dll's ...
Registered in 0.003907 seconds.
Begin MonoManager ReloadAssembly
Native extension for WindowsStandalone target not found
Refreshing native plugins compatible for Editor in 0.64 ms, found 3 plugins.
Preloading 0 native plugins for Editor in 0.00 ms.
Mono: successfully reloaded assembly
- Completed reload, in  1.497 seconds
Domain Reload Profiling:
	ReloadAssembly (1497ms)
		BeginReloadAssembly (160ms)
			ExecutionOrderSort (0ms)
			DisableScriptedObjects (9ms)
			BackupInstance (0ms)
			ReleaseScriptingObjects (0ms)
			CreateAndSetChildDomain (43ms)
		EndReloadAssembly (1259ms)
			LoadAssemblies (127ms)
			RebuildTransferFunctionScriptingTraits (0ms)
			SetupTypeCache (411ms)
			ReleaseScriptCaches (2ms)
			RebuildScriptCaches (80ms)
			SetupLoadedEditorAssemblies (394ms)
				LogAssemblyErrors (0ms)
				InitializePlatformSupportModulesInManaged (5ms)
				SetLoadedEditorAssemblies (1ms)
				RefreshPlugins (1ms)
				BeforeProcessingInitializeOnLoad (112ms)
				ProcessInitializeOnLoadAttributes (252ms)
				ProcessInitializeOnLoadMethodAttributes (16ms)
				AfterProcessingInitializeOnLoad (8ms)
				EditorAssembliesLoaded (0ms)
			ExecutionOrderSort2 (0ms)
			AwakeInstancesAfterBackupRestoration (15ms)
Platform modules already initialized, skipping
Switching build target platform(19) subTarget(0) extendedPlatform(0) -> platform(13) subTarget(537395200) extendedPlatform(0)
Refreshing native plugins compatible for Editor in 0.49 ms, found 3 plugins.
Preloading 0 native plugins for Editor in 0.00 ms.
Unloading 2194 Unused Serialized files (Serialized files now loaded: 0)
System memory in use before: 99.7 MB.
System memory in use after: 99.9 MB.

Unloading 17 unused Assets to reduce memory usage. Loaded Objects now: 2726.
Total: 3.520800 ms (FindLiveObjects: 0.203200 ms CreateObjectMapping: 0.098300 ms MarkObjects: 3.201700 ms  DeleteObjects: 0.016600 ms)

AssetImportParameters requested are different than current active one (requested -> active):
  custom:framework-win-MediaFoundation: 216162199b28c13a410421893ffa2e32 -> 
  custom:video-decoder-ogg-theora: a1e56fd34408186e4bbccfd4996cb3dc -> 
  custom:container-muxer-webm: aa71ff27fc2769a1b78a27578f13a17b -> 
  custom:container-demuxer-webm: 4f35f7cbe854078d1ac9338744f61a02 -> 
  custom:container-demuxer-ogg: 62fdf1f143b41e24485cea50d1cbac27 -> 
  custom:video-encoder-webm-vp8: eb34c28f22e8b96e1ab97ce403110664 -> 
  custom:video-decoder-webm-vp8: 9c59270c3fd7afecdb556c50c9e8de78 -> 
  custom:graphics/normal-map-encoding: 01000000000000000000000000000000 -> 02000000000000000000000000000000
  custom:audio-decoder-ogg-vorbis: bf7c407c2cedff20999df2af8eb42d56 -> 
  custom:audio-encoder-webm-vorbis: bf7c407c2cedff20999df2af8eb42d56 -> 
========================================================================
Received Prepare
Registering precompiled user dll's ...
Registered in 0.004102 seconds.
Begin MonoManager ReloadAssembly
Native extension for WindowsStandalone target not found
Refreshing native plugins compatible for Editor in 1.62 ms, found 3 plugins.
Preloading 0 native plugins for Editor in 0.00 ms.
Mono: successfully reloaded assembly
- Completed reload, in  1.462 seconds
Domain Reload Profiling:
	ReloadAssembly (1463ms)
		BeginReloadAssembly (164ms)
			ExecutionOrderSort (0ms)
			DisableScriptedObjects (11ms)
			BackupInstance (0ms)
			ReleaseScriptingObjects (0ms)
			CreateAndSetChildDomain (50ms)
		EndReloadAssembly (1213ms)
			LoadAssemblies (118ms)
			RebuildTransferFunctionScriptingTraits (0ms)
			SetupTypeCache (403ms)
			ReleaseScriptCaches (1ms)
			RebuildScriptCaches (59ms)
			SetupLoadedEditorAssemblies (380ms)
				LogAssemblyErrors (0ms)
				InitializePlatformSupportModulesInManaged (5ms)
				SetLoadedEditorAssemblies (1ms)
				RefreshPlugins (2ms)
				BeforeProcessingInitializeOnLoad (108ms)
				ProcessInitializeOnLoadAttributes (243ms)
				ProcessInitializeOnLoadMethodAttributes (13ms)
				AfterProcessingInitializeOnLoad (7ms)
				EditorAssembliesLoaded (0ms)
			ExecutionOrderSort2 (0ms)
			AwakeInstancesAfterBackupRestoration (10ms)
Platform modules already initialized, skipping
Switching build target platform(19) subTarget(0) extendedPlatform(0) -> platform(13) subTarget(537395200) extendedPlatform(0)
Refreshing native plugins compatible for Editor in 0.48 ms, found 3 plugins.
Preloading 0 native plugins for Editor in 0.00 ms.
Unloading 2194 Unused Serialized files (Serialized files now loaded: 0)
System memory in use before: 99.7 MB.
System memory in use after: 99.9 MB.

Unloading 17 unused Assets to reduce memory usage. Loaded Objects now: 2728.
Total: 3.444000 ms (FindLiveObjects: 0.198800 ms CreateObjectMapping: 0.086500 ms MarkObjects: 3.141800 ms  DeleteObjects: 0.016100 ms)

AssetImportParameters requested are different than current active one (requested -> active):
  custom:framework-win-MediaFoundation: 216162199b28c13a410421893ffa2e32 -> 
  custom:video-decoder-ogg-theora: a1e56fd34408186e4bbccfd4996cb3dc -> 
  custom:container-muxer-webm: aa71ff27fc2769a1b78a27578f13a17b -> 
  custom:container-demuxer-webm: 4f35f7cbe854078d1ac9338744f61a02 -> 
  custom:container-demuxer-ogg: 62fdf1f143b41e24485cea50d1cbac27 -> 
  custom:video-encoder-webm-vp8: eb34c28f22e8b96e1ab97ce403110664 -> 
  custom:video-decoder-webm-vp8: 9c59270c3fd7afecdb556c50c9e8de78 -> 
  custom:graphics/normal-map-encoding: 01000000000000000000000000000000 -> 02000000000000000000000000000000
  custom:audio-decoder-ogg-vorbis: bf7c407c2cedff20999df2af8eb42d56 -> 
  custom:audio-encoder-webm-vorbis: bf7c407c2cedff20999df2af8eb42d56 -> 
========================================================================
Received Import Request.
  Time since last request: 150.782250 seconds.
  path: Assets/Game Basic/Spaceships + Explosions
  artifactKey: Guid(13b9a666636d8a9438c9acc7869f78cb) Importer(815301076,1909f56bfc062723c751e8b465ee728b)
Start importing Assets/Game Basic/Spaceships + Explosions using Guid(13b9a666636d8a9438c9acc7869f78cb) Importer(815301076,1909f56bfc062723c751e8b465ee728b)  -> (artifact id: '9c57cf3a06f055a5c9abf4582ff3764a') in 0.010686 seconds 
  Import took 0.014822 seconds .

========================================================================
Received Import Request.
  Time since last request: 9.139986 seconds.
  path: Assets/Game Basic/Spaceships and Explosions
  artifactKey: Guid(13b9a666636d8a9438c9acc7869f78cb) Importer(815301076,1909f56bfc062723c751e8b465ee728b)
Start importing Assets/Game Basic/Spaceships and Explosions using Guid(13b9a666636d8a9438c9acc7869f78cb) Importer(815301076,1909f56bfc062723c751e8b465ee728b)  -> (artifact id: '967cc050fad7f929cbc5e16d8840f182') in 0.016516 seconds 
  Import took 0.022369 seconds .

========================================================================
Received Prepare
Registering precompiled user dll's ...
Registered in 0.004255 seconds.
Begin MonoManager ReloadAssembly
Native extension for WindowsStandalone target not found
Refreshing native plugins compatible for Editor in 0.63 ms, found 3 plugins.
Preloading 0 native plugins for Editor in 0.00 ms.
Mono: successfully reloaded assembly
- Completed reload, in  1.569 seconds
Domain Reload Profiling:
	ReloadAssembly (1569ms)
		BeginReloadAssembly (144ms)
			ExecutionOrderSort (0ms)
			DisableScriptedObjects (8ms)
			BackupInstance (0ms)
			ReleaseScriptingObjects (0ms)
			CreateAndSetChildDomain (48ms)
		EndReloadAssembly (1334ms)
			LoadAssemblies (119ms)
			RebuildTransferFunctionScriptingTraits (0ms)
			SetupTypeCache (429ms)
			ReleaseScriptCaches (1ms)
			RebuildScriptCaches (57ms)
			SetupLoadedEditorAssemblies (444ms)
				LogAssemblyErrors (0ms)
				InitializePlatformSupportModulesInManaged (26ms)
				SetLoadedEditorAssemblies (1ms)
				RefreshPlugins (1ms)
				BeforeProcessingInitializeOnLoad (111ms)
				ProcessInitializeOnLoadAttributes (286ms)
				ProcessInitializeOnLoadMethodAttributes (13ms)
				AfterProcessingInitializeOnLoad (7ms)
				EditorAssembliesLoaded (0ms)
			ExecutionOrderSort2 (0ms)
			AwakeInstancesAfterBackupRestoration (12ms)
Platform modules already initialized, skipping
Switching build target platform(19) subTarget(0) extendedPlatform(0) -> platform(13) subTarget(537395200) extendedPlatform(0)
Refreshing native plugins compatible for Editor in 0.49 ms, found 3 plugins.
Preloading 0 native plugins for Editor in 0.00 ms.
Unloading 2194 Unused Serialized files (Serialized files now loaded: 0)
System memory in use before: 99.7 MB.
System memory in use after: 99.9 MB.

Unloading 17 unused Assets to reduce memory usage. Loaded Objects now: 2730.
Total: 3.998800 ms (FindLiveObjects: 0.359000 ms CreateObjectMapping: 0.098100 ms MarkObjects: 3.485800 ms  DeleteObjects: 0.054900 ms)

AssetImportParameters requested are different than current active one (requested -> active):
  custom:framework-win-MediaFoundation: 216162199b28c13a410421893ffa2e32 -> 
  custom:video-decoder-ogg-theora: a1e56fd34408186e4bbccfd4996cb3dc -> 
  custom:container-muxer-webm: aa71ff27fc2769a1b78a27578f13a17b -> 
  custom:container-demuxer-webm: 4f35f7cbe854078d1ac9338744f61a02 -> 
  custom:container-demuxer-ogg: 62fdf1f143b41e24485cea50d1cbac27 -> 
  custom:video-encoder-webm-vp8: eb34c28f22e8b96e1ab97ce403110664 -> 
  custom:video-decoder-webm-vp8: 9c59270c3fd7afecdb556c50c9e8de78 -> 
  custom:graphics/normal-map-encoding: 01000000000000000000000000000000 -> 02000000000000000000000000000000
  custom:audio-decoder-ogg-vorbis: bf7c407c2cedff20999df2af8eb42d56 -> 
  custom:audio-encoder-webm-vorbis: bf7c407c2cedff20999df2af8eb42d56 -> 
========================================================================
Received Import Request.
  Time since last request: 13.641014 seconds.
  path: Assets/Game Basic/Spaceships and Explosions/Prefabs
  artifactKey: Guid(1e7ae753ffa08184ca3e3f73cfb45955) Importer(815301076,1909f56bfc062723c751e8b465ee728b)
Start importing Assets/Game Basic/Spaceships and Explosions/Prefabs using Guid(1e7ae753ffa08184ca3e3f73cfb45955) Importer(815301076,1909f56bfc062723c751e8b465ee728b)  -> (artifact id: '294a87c8fb099044c2e07b3c2df93bae') in 0.006110 seconds 
  Import took 0.011436 seconds .

========================================================================
Received Import Request.
  Time since last request: 0.035800 seconds.
  path: Assets/Game Basic/Spaceships and Explosions/Prefabs/Fireball.prefab
  artifactKey: Guid(d17799e01588538449a360ded5bd038c) Importer(815301076,1909f56bfc062723c751e8b465ee728b)
Start importing Assets/Game Basic/Spaceships and Explosions/Prefabs/Fireball.prefab using Guid(d17799e01588538449a360ded5bd038c) Importer(815301076,1909f56bfc062723c751e8b465ee728b)  -> (artifact id: 'e4eff50bdea182917be34f589c476963') in 0.077851 seconds 
  Import took 0.086686 seconds .

========================================================================
Received Import Request.
  Time since last request: 0.000284 seconds.
  path: Assets/Game Basic/Spaceships and Explosions/Prefabs/Ship2.prefab
  artifactKey: Guid(c07ae331f7494a64aa6d24356afebd33) Importer(815301076,1909f56bfc062723c751e8b465ee728b)
Start importing Assets/Game Basic/Spaceships and Explosions/Prefabs/Ship2.prefab using Guid(c07ae331f7494a64aa6d24356afebd33) Importer(815301076,1909f56bfc062723c751e8b465ee728b)  -> (artifact id: '35ae35c528cac162d973994b3ff6be91') in 0.065568 seconds 
  Import took 0.069460 seconds .

========================================================================
Received Import Request.
  Time since last request: 0.000347 seconds.
  path: Assets/Game Basic/Spaceships and Explosions/Prefabs/Ship1.prefab
  artifactKey: Guid(1a09f406e15243042af8595d756fcfe9) Importer(815301076,1909f56bfc062723c751e8b465ee728b)
Start importing Assets/Game Basic/Spaceships and Explosions/Prefabs/Ship1.prefab using Guid(1a09f406e15243042af8595d756fcfe9) Importer(815301076,1909f56bfc062723c751e8b465ee728b)  -> (artifact id: 'bf177275015492bbe7b493f706e5abb9') in 0.029217 seconds 
  Import took 0.035695 seconds .

========================================================================
Received Import Request.
  Time since last request: 0.000384 seconds.
  path: Assets/Game Basic/Spaceships and Explosions/Prefabs/FlameSmall.prefab
  artifactKey: Guid(7baa347ea8e001e48bb257a28057c6e8) Importer(815301076,1909f56bfc062723c751e8b465ee728b)
Start importing Assets/Game Basic/Spaceships and Explosions/Prefabs/FlameSmall.prefab using Guid(7baa347ea8e001e48bb257a28057c6e8) Importer(815301076,1909f56bfc062723c751e8b465ee728b)  -> (artifact id: '3e8b3120ca67b28edc18ced9593c0ff8') in 0.022859 seconds 
  Import took 0.030352 seconds .

========================================================================
Received Import Request.
  Time since last request: 3.001813 seconds.
  path: Assets/Game Basic/Spaceships and Explosions/Animation/Ship2.overrideController
  artifactKey: Guid(5843ea11d1f2baa4baa19e27989fc8bd) Importer(815301076,1909f56bfc062723c751e8b465ee728b)
Start importing Assets/Game Basic/Spaceships and Explosions/Animation/Ship2.overrideController using Guid(5843ea11d1f2baa4baa19e27989fc8bd) Importer(815301076,1909f56bfc062723c751e8b465ee728b)  -> (artifact id: 'a66da576b120a03dd8967b2fa280e534') in 0.007139 seconds 
  Import took 0.013280 seconds .

========================================================================
Received Import Request.
  Time since last request: 3.627006 seconds.
  path: Assets/Game Basic/Spaceships and Explosions/Scenes/Demo.unity
  artifactKey: Guid(4165f0023c3e8d34a912d9fc9a40a375) Importer(815301076,1909f56bfc062723c751e8b465ee728b)
Start importing Assets/Game Basic/Spaceships and Explosions/Scenes/Demo.unity using Guid(4165f0023c3e8d34a912d9fc9a40a375) Importer(815301076,1909f56bfc062723c751e8b465ee728b)  -> (artifact id: '4ae9d10beddc007eafdce8fe706b4ea6') in 0.009813 seconds 
  Import took 0.014968 seconds .

========================================================================
Received Import Request.
  Time since last request: 4.901441 seconds.
  path: Assets/Game Basic/Spaceships and Explosions/Scripts/ships
  artifactKey: Guid(822971cf737549140a8a55cd74fa480b) Importer(815301076,1909f56bfc062723c751e8b465ee728b)
Start importing Assets/Game Basic/Spaceships and Explosions/Scripts/ships using Guid(822971cf737549140a8a55cd74fa480b) Importer(815301076,1909f56bfc062723c751e8b465ee728b)  -> (artifact id: '80a9eb0922431c590b9d1ea197efb09e') in 0.011264 seconds 
  Import took 0.017799 seconds .

========================================================================
Received Import Request.
  Time since last request: 1.482304 seconds.
  path: Assets/Game Basic/Spaceships and Explosions/Sprites/fireball-flames.png
  artifactKey: Guid(d7602b5e04745f74b8a23ea2ecaf9550) Importer(815301076,1909f56bfc062723c751e8b465ee728b)
Start importing Assets/Game Basic/Spaceships and Explosions/Sprites/fireball-flames.png using Guid(d7602b5e04745f74b8a23ea2ecaf9550) Importer(815301076,1909f56bfc062723c751e8b465ee728b)  -> (artifact id: '31405ea7407185bfad6a918ac0708cc1') in 0.048584 seconds 
  Import took 0.053726 seconds .

========================================================================
Received Import Request.
  Time since last request: 0.000401 seconds.
  path: Assets/Game Basic/Spaceships and Explosions/Sprites/ship1.png
  artifactKey: Guid(bf8ddafe189b90247b484ca8b8e3ceca) Importer(815301076,1909f56bfc062723c751e8b465ee728b)
Start importing Assets/Game Basic/Spaceships and Explosions/Sprites/ship1.png using Guid(bf8ddafe189b90247b484ca8b8e3ceca) Importer(815301076,1909f56bfc062723c751e8b465ee728b)  -> (artifact id: 'a77778e06a94bcdb6c7a9f621d6ff366') in 0.077693 seconds 
  Import took 0.082033 seconds .

========================================================================
Received Import Request.
  Time since last request: 0.000345 seconds.
  path: Assets/Game Basic/Spaceships and Explosions/Sprites/frame.png
  artifactKey: Guid(4042aa6c69861a148a1f1f90c8435b85) Importer(815301076,1909f56bfc062723c751e8b465ee728b)
Start importing Assets/Game Basic/Spaceships and Explosions/Sprites/frame.png using Guid(4042aa6c69861a148a1f1f90c8435b85) Importer(815301076,1909f56bfc062723c751e8b465ee728b)  -> (artifact id: 'fb4f7aa43c3d2569b25062f3601eec30') in 0.028156 seconds 
  Import took 0.036336 seconds .

========================================================================
Received Import Request.
  Time since last request: 0.000370 seconds.
  path: Assets/Game Basic/Spaceships and Explosions/Sprites/ship2.png
  artifactKey: Guid(5106a46d68e88094283508a4020fef2d) Importer(815301076,1909f56bfc062723c751e8b465ee728b)
Start importing Assets/Game Basic/Spaceships and Explosions/Sprites/ship2.png using Guid(5106a46d68e88094283508a4020fef2d) Importer(815301076,1909f56bfc062723c751e8b465ee728b)  -> (artifact id: '5d31b46e434c7825134b565c5ee2b0bb') in 0.076893 seconds 
  Import took 0.082240 seconds .

========================================================================
Received Import Request.
  Time since last request: 7.690329 seconds.
  path: Assets/Game Basic/Spaceships and Explosions/Animation
  artifactKey: Guid(ad83f6885a804944588efd79fa2c9f3c) Importer(815301076,1909f56bfc062723c751e8b465ee728b)
Start importing Assets/Game Basic/Spaceships and Explosions/Animation using Guid(ad83f6885a804944588efd79fa2c9f3c) Importer(815301076,1909f56bfc062723c751e8b465ee728b)  -> (artifact id: 'bed88de92c4b68e1cd599517f8a106db') in 0.011390 seconds 
  Import took 0.017995 seconds .

========================================================================
Received Import Request.
  Time since last request: 1.528239 seconds.
  path: Assets/Game Basic/Spaceships and Explosions/Animation/AnimClips
  artifactKey: Guid(152dd5161434ec44ba22c7a0cddd0418) Importer(815301076,1909f56bfc062723c751e8b465ee728b)
Start importing Assets/Game Basic/Spaceships and Explosions/Animation/AnimClips using Guid(152dd5161434ec44ba22c7a0cddd0418) Importer(815301076,1909f56bfc062723c751e8b465ee728b)  -> (artifact id: '2c4405d03fa76a650f725e99cb30e83f') in 0.012164 seconds 
  Import took 0.018452 seconds .

========================================================================
Received Prepare
Registering precompiled user dll's ...
Registered in 0.004354 seconds.
Begin MonoManager ReloadAssembly
Native extension for WindowsStandalone target not found
Refreshing native plugins compatible for Editor in 0.94 ms, found 3 plugins.
Preloading 0 native plugins for Editor in 0.00 ms.
Mono: successfully reloaded assembly
- Completed reload, in  1.468 seconds
Domain Reload Profiling:
	ReloadAssembly (1468ms)
		BeginReloadAssembly (140ms)
			ExecutionOrderSort (0ms)
			DisableScriptedObjects (8ms)
			BackupInstance (0ms)
			ReleaseScriptingObjects (0ms)
			CreateAndSetChildDomain (45ms)
		EndReloadAssembly (1241ms)
			LoadAssemblies (114ms)
			RebuildTransferFunctionScriptingTraits (0ms)
			SetupTypeCache (366ms)
			ReleaseScriptCaches (2ms)
			RebuildScriptCaches (58ms)
			SetupLoadedEditorAssemblies (396ms)
				LogAssemblyErrors (0ms)
				InitializePlatformSupportModulesInManaged (7ms)
				SetLoadedEditorAssemblies (1ms)
				RefreshPlugins (1ms)
				BeforeProcessingInitializeOnLoad (133ms)
				ProcessInitializeOnLoadAttributes (234ms)
				ProcessInitializeOnLoadMethodAttributes (13ms)
				AfterProcessingInitializeOnLoad (7ms)
				EditorAssembliesLoaded (0ms)
			ExecutionOrderSort2 (0ms)
			AwakeInstancesAfterBackupRestoration (11ms)
Platform modules already initialized, skipping
Switching build target platform(19) subTarget(0) extendedPlatform(0) -> platform(13) subTarget(537395200) extendedPlatform(0)
Refreshing native plugins compatible for Editor in 0.56 ms, found 3 plugins.
Preloading 0 native plugins for Editor in 0.00 ms.
Unloading 2188 Unused Serialized files (Serialized files now loaded: 0)
System memory in use before: 99.7 MB.
System memory in use after: 99.9 MB.

Unloading 23 unused Assets to reduce memory usage. Loaded Objects now: 2738.
Total: 3.702600 ms (FindLiveObjects: 0.208800 ms CreateObjectMapping: 0.083400 ms MarkObjects: 3.358400 ms  DeleteObjects: 0.051200 ms)

AssetImportParameters requested are different than current active one (requested -> active):
  custom:framework-win-MediaFoundation: 216162199b28c13a410421893ffa2e32 -> 
  custom:video-decoder-ogg-theora: a1e56fd34408186e4bbccfd4996cb3dc -> 
  custom:container-muxer-webm: aa71ff27fc2769a1b78a27578f13a17b -> 
  custom:container-demuxer-webm: 4f35f7cbe854078d1ac9338744f61a02 -> 
  custom:container-demuxer-ogg: 62fdf1f143b41e24485cea50d1cbac27 -> 
  custom:video-encoder-webm-vp8: eb34c28f22e8b96e1ab97ce403110664 -> 
  custom:video-decoder-webm-vp8: 9c59270c3fd7afecdb556c50c9e8de78 -> 
  custom:graphics/normal-map-encoding: 01000000000000000000000000000000 -> 02000000000000000000000000000000
  custom:audio-decoder-ogg-vorbis: bf7c407c2cedff20999df2af8eb42d56 -> 
  custom:audio-encoder-webm-vorbis: bf7c407c2cedff20999df2af8eb42d56 -> 
========================================================================
Received Prepare
Registering precompiled user dll's ...
Registered in 0.004121 seconds.
Begin MonoManager ReloadAssembly
Native extension for WindowsStandalone target not found
Refreshing native plugins compatible for Editor in 1.06 ms, found 3 plugins.
Preloading 0 native plugins for Editor in 0.00 ms.
Mono: successfully reloaded assembly
- Completed reload, in  1.478 seconds
Domain Reload Profiling:
	ReloadAssembly (1479ms)
		BeginReloadAssembly (161ms)
			ExecutionOrderSort (0ms)
			DisableScriptedObjects (7ms)
			BackupInstance (0ms)
			ReleaseScriptingObjects (0ms)
			CreateAndSetChildDomain (43ms)
		EndReloadAssembly (1240ms)
			LoadAssemblies (138ms)
			RebuildTransferFunctionScriptingTraits (0ms)
			SetupTypeCache (373ms)
			ReleaseScriptCaches (2ms)
			RebuildScriptCaches (69ms)
			SetupLoadedEditorAssemblies (379ms)
				LogAssemblyErrors (0ms)
				InitializePlatformSupportModulesInManaged (7ms)
				SetLoadedEditorAssemblies (1ms)
				RefreshPlugins (1ms)
				BeforeProcessingInitializeOnLoad (106ms)
				ProcessInitializeOnLoadAttributes (245ms)
				ProcessInitializeOnLoadMethodAttributes (13ms)
				AfterProcessingInitializeOnLoad (7ms)
				EditorAssembliesLoaded (0ms)
			ExecutionOrderSort2 (0ms)
			AwakeInstancesAfterBackupRestoration (11ms)
Platform modules already initialized, skipping
Switching build target platform(19) subTarget(0) extendedPlatform(0) -> platform(13) subTarget(537395200) extendedPlatform(0)
Refreshing native plugins compatible for Editor in 0.48 ms, found 3 plugins.
Preloading 0 native plugins for Editor in 0.00 ms.
Unloading 2188 Unused Serialized files (Serialized files now loaded: 0)
System memory in use before: 99.7 MB.
System memory in use after: 99.9 MB.

Unloading 17 unused Assets to reduce memory usage. Loaded Objects now: 2740.
Total: 3.547200 ms (FindLiveObjects: 0.200900 ms CreateObjectMapping: 0.084400 ms MarkObjects: 3.218400 ms  DeleteObjects: 0.042300 ms)

AssetImportParameters requested are different than current active one (requested -> active):
  custom:framework-win-MediaFoundation: 216162199b28c13a410421893ffa2e32 -> 
  custom:video-decoder-ogg-theora: a1e56fd34408186e4bbccfd4996cb3dc -> 
  custom:container-muxer-webm: aa71ff27fc2769a1b78a27578f13a17b -> 
  custom:container-demuxer-webm: 4f35f7cbe854078d1ac9338744f61a02 -> 
  custom:container-demuxer-ogg: 62fdf1f143b41e24485cea50d1cbac27 -> 
  custom:video-encoder-webm-vp8: eb34c28f22e8b96e1ab97ce403110664 -> 
  custom:video-decoder-webm-vp8: 9c59270c3fd7afecdb556c50c9e8de78 -> 
  custom:graphics/normal-map-encoding: 01000000000000000000000000000000 -> 02000000000000000000000000000000
  custom:audio-decoder-ogg-vorbis: bf7c407c2cedff20999df2af8eb42d56 -> 
  custom:audio-encoder-webm-vorbis: bf7c407c2cedff20999df2af8eb42d56 -> 
========================================================================
Received Prepare
Registering precompiled user dll's ...
Registered in 0.004317 seconds.
Begin MonoManager ReloadAssembly
Native extension for WindowsStandalone target not found
Refreshing native plugins compatible for Editor in 0.52 ms, found 3 plugins.
Preloading 0 native plugins for Editor in 0.00 ms.
Mono: successfully reloaded assembly
- Completed reload, in  1.408 seconds
Domain Reload Profiling:
	ReloadAssembly (1409ms)
		BeginReloadAssembly (151ms)
			ExecutionOrderSort (0ms)
			DisableScriptedObjects (7ms)
			BackupInstance (0ms)
			ReleaseScriptingObjects (0ms)
			CreateAndSetChildDomain (45ms)
		EndReloadAssembly (1180ms)
			LoadAssemblies (117ms)
			RebuildTransferFunctionScriptingTraits (0ms)
			SetupTypeCache (391ms)
			ReleaseScriptCaches (1ms)
			RebuildScriptCaches (53ms)
			SetupLoadedEditorAssemblies (342ms)
				LogAssemblyErrors (0ms)
				InitializePlatformSupportModulesInManaged (5ms)
				SetLoadedEditorAssemblies (1ms)
				RefreshPlugins (1ms)
				BeforeProcessingInitializeOnLoad (97ms)
				ProcessInitializeOnLoadAttributes (220ms)
				ProcessInitializeOnLoadMethodAttributes (13ms)
				AfterProcessingInitializeOnLoad (7ms)
				EditorAssembliesLoaded (0ms)
			ExecutionOrderSort2 (0ms)
			AwakeInstancesAfterBackupRestoration (10ms)
Platform modules already initialized, skipping
Switching build target platform(19) subTarget(0) extendedPlatform(0) -> platform(13) subTarget(537395200) extendedPlatform(0)
Refreshing native plugins compatible for Editor in 0.66 ms, found 3 plugins.
Preloading 0 native plugins for Editor in 0.00 ms.
Unloading 2188 Unused Serialized files (Serialized files now loaded: 0)
System memory in use before: 99.7 MB.
System memory in use after: 99.9 MB.

Unloading 17 unused Assets to reduce memory usage. Loaded Objects now: 2742.
Total: 3.909200 ms (FindLiveObjects: 0.207300 ms CreateObjectMapping: 0.095000 ms MarkObjects: 3.558400 ms  DeleteObjects: 0.047400 ms)

AssetImportParameters requested are different than current active one (requested -> active):
  custom:framework-win-MediaFoundation: 216162199b28c13a410421893ffa2e32 -> 
  custom:video-decoder-ogg-theora: a1e56fd34408186e4bbccfd4996cb3dc -> 
  custom:container-muxer-webm: aa71ff27fc2769a1b78a27578f13a17b -> 
  custom:container-demuxer-webm: 4f35f7cbe854078d1ac9338744f61a02 -> 
  custom:container-demuxer-ogg: 62fdf1f143b41e24485cea50d1cbac27 -> 
  custom:video-encoder-webm-vp8: eb34c28f22e8b96e1ab97ce403110664 -> 
  custom:video-decoder-webm-vp8: 9c59270c3fd7afecdb556c50c9e8de78 -> 
  custom:graphics/normal-map-encoding: 01000000000000000000000000000000 -> 02000000000000000000000000000000
  custom:audio-decoder-ogg-vorbis: bf7c407c2cedff20999df2af8eb42d56 -> 
  custom:audio-encoder-webm-vorbis: bf7c407c2cedff20999df2af8eb42d56 -> 
AssetImportWorkerClient::OnTransportError - code=2 error=End of file
